time_slot=15, torch_seed=42, num_link=223, num_his=8, num_pred=8, L=2, K=8, d=8, train_ratio=0.7, val_ratio=0.1, test_ratio=0.2, batch_size=4, max_epoch=100, patience=10, learning_rate=0.009, decay_epoch=16, bn_decay=0.1, drop=0.01, traffic_file='./data/Traffic_speed_(24, 33).csv', query_file='./data/query_beijing_0201_grid_start_destination_count.npz', SE_file='./data/Gf_grid_24_33_id.txt', adj_file='./data/edge_list_grid_(24,33)_weight.txt', row='24', col='33', model_file='./save_model/grid_24_33/Model_GF_test.pkl', log_file='./log/grid_24_33/log_test', SE_FC_bn_decay=0.1, SE_FC_act1='relu', SE_FC_act2='none', SE_FC_drop=0.01, TE_FC_bn_decay=0.1, TE_FC_act1='relu', TE_FC_act2='none', TE_FC_drop=0.01, FFT_bn_decay=0.1, FFT_FC_act1='relu', FFT_FC_act2='none', FFT_FC_drop=0.01, SA_Q_bn_decay=0.1, SA_Q_act='relu', SA_Q_drop=0.01, SA_K_bn_decay=0.1, SA_K_act='relu', SA_K_drop=0.01, SA_V_bn_decay=0.1, SA_V_act='relu', SA_V_drop=0.01, SA_FC_bn_decay=0.1, SA_FC_act='relu', SA_FC_drop=0.01, GMF_bn_decay=0.1, AUX_aux_bn_decay=0.1, AUX_aux_act1='relu', AUX_aux_act2='none', AUX_aux_drop=0.01, AUX_main_bn_decay=0.1, AUX_main_act1='relu', AUX_main_act2='none', AUX_main_drop=0.01, AUX_sim_bn_decay=0.1, AUX_sim_act1='relu', AUX_sim_act2='sigmoid', AUX_sim_drop=0.01, AUX_attn_bn_decay=0.1, AUX_attn_act1='relu', AUX_attn_act2='none', AUX_attn_drop=0.01, AUX_fusion_bn_decay=0.1, AUX_fusion_act1='relu', AUX_fusion_act2='none', AUX_fusion_drop=0.01, AUX_bn_decay=0.1, TA_Q_bn_decay=0.1, TA_Q_act='relu', TA_Q_drop=0.01, TA_K_bn_decay=0.1, TA_K_act='relu', TA_K_drop=0.01, TA_V_bn_decay=0.1, TA_V_act='relu', TA_V_drop=0.01, TA_fusion_bn_decay=0.1, TA_fusion_act='relu', TA_fusion_drop=0.01, NAV_Q_bn_decay=0.1, NAV_Q_act='relu', NAV_Q_drop=0.01, NAV_K_bn_decay=0.1, NAV_K_act='relu', NAV_K_drop=0.01, NAV_V_bn_decay=0.1, NAV_V_act='relu', NAV_V_drop=0.01, NAV_MAP_bn_decay=0.1, NAV_MAP_act='relu', NAV_MAP_drop=0.01, NAV_FUSION_bn_decay=0.1, NAV_FUSION_act='relu', NAV_FUSION_drop=0.01, STB_spatial_fusion_bn_decay=0.1, STB_spatial_fusion_act='relu', STB_spatial_fusion_drop=0.01, STB_temporal_fusion_bn_decay=0.1, STB_temporal_fusion_act='relu', STB_temporal_fusion_drop=0.01, STB_final_fusion_bn_decay=0.1, STB_final_fusion_act='relu', STB_final_fusion_drop=0.01, STB_gate_bn_decay=0.1, STB_gate_act1='relu', STB_gate_act2='sigmoid', STB_gate_drop=0.01, TA_transform_Q_bn_decay=0.1, TA_transform_Q_act='relu', TA_transform_Q_drop=0.0, TA_transform_K_bn_decay=0.1, TA_transform_K_act='relu', TA_transform_K_drop=0.0, TA_transform_V_bn_decay=0.1, TA_transform_V_act='relu', TA_transform_V_drop=0.0, TA_transform_FC_bn_decay=0.1, TA_transform_FC_act='relu', TA_transform_FC_drop=0.0, Traffic_Linear_bn_decay=0.1, Traffic_Linear_FC_act1='relu', Traffic_Linear_FC_act2='none', Traffic_Linear_FC_drop=0.01, Query_Linear_bn_decay=0.1, Query_Linear_FC_act1='relu', Query_Linear_FC_act2='none', Query_Linear_FC_drop=0.01, Output_bn_decay=0.1, Output_FC_act1='relu', Output_FC_act2='none', Output_FC_drop=0.01
Using device: cuda:0
trainX: torch.Size([4084, 8, 223])		 trainY: torch.Size([4084, 8, 223])
valX:   torch.Size([571, 8, 223])		valY:   torch.Size([571, 8, 223])
testX:   torch.Size([1156, 8, 223])		testY:   torch.Size([1156, 8, 223])
mean:   31.8979		std:   10.7164
data loaded!
compiling model...
fourier_filter: 9 parameters
  ├─ distribution_correction: 8 parameters
traffic_linear: 4,544 parameters
  ├─ convs: 4,544 parameters
query_linear: 4,608 parameters
  ├─ convs: 4,608 parameters
nav_attention: 25,536 parameters
  ├─ W_q: 4,288 parameters
  ├─ W_k: 4,288 parameters
  ├─ W_v: 4,288 parameters
  ├─ mapping: 4,288 parameters
  ├─ fusion: 8,384 parameters
st_embedding: 21,824 parameters
  ├─ FC_se: 8,576 parameters
  ├─ FC_te: 13,248 parameters
encoder_blocks: 302,148 parameters
  ├─ 0: 151,074 parameters
  ├─ 1: 151,074 parameters
transform_attn: 17,152 parameters
  ├─ FC_q: 4,288 parameters
  ├─ FC_k: 4,288 parameters
  ├─ FC_v: 4,288 parameters
  ├─ FC: 4,288 parameters
decoder_blocks: 302,148 parameters
  ├─ 0: 151,074 parameters
  ├─ 1: 151,074 parameters
output_layer: 4,355 parameters
  ├─ convs: 4,355 parameters
trainable parameters: 682,324
**** training model ****
2025-08-26 01:21:31 | epoch: 0001/100, training time: 86.8s, inference time: 3.1s
train loss: 3.0679, val_loss: 2.5051
val loss decrease from inf to 2.5051, saving model to ./save_model/grid_24_33/Model_GF_test.pkl
2025-08-26 01:23:03 | epoch: 0002/100, training time: 88.3s, inference time: 3.1s
train loss: 2.5788, val_loss: 2.2478
val loss decrease from 2.5051 to 2.2478, saving model to ./save_model/grid_24_33/Model_GF_test.pkl
2025-08-26 01:24:35 | epoch: 0003/100, training time: 88.8s, inference time: 3.1s
train loss: 2.4838, val_loss: 2.2058
val loss decrease from 2.2478 to 2.2058, saving model to ./save_model/grid_24_33/Model_GF_test.pkl
2025-08-26 01:26:07 | epoch: 0004/100, training time: 89.4s, inference time: 3.1s
train loss: 2.4276, val_loss: 2.1771
val loss decrease from 2.2058 to 2.1771, saving model to ./save_model/grid_24_33/Model_GF_test.pkl
2025-08-26 01:27:38 | epoch: 0005/100, training time: 87.8s, inference time: 3.1s
train loss: 2.4160, val_loss: 2.1330
val loss decrease from 2.1771 to 2.1330, saving model to ./save_model/grid_24_33/Model_GF_test.pkl
2025-08-26 01:29:08 | epoch: 0006/100, training time: 87.0s, inference time: 3.1s
train loss: 2.3911, val_loss: 2.0829
val loss decrease from 2.1330 to 2.0829, saving model to ./save_model/grid_24_33/Model_GF_test.pkl
2025-08-26 01:30:41 | epoch: 0007/100, training time: 89.9s, inference time: 3.1s
train loss: 2.3762, val_loss: 2.0865
2025-08-26 01:32:14 | epoch: 0008/100, training time: 89.2s, inference time: 3.1s
train loss: 2.3620, val_loss: 2.1849
2025-08-26 01:33:46 | epoch: 0009/100, training time: 89.6s, inference time: 3.1s
train loss: 2.3477, val_loss: 2.1224
2025-08-26 01:35:18 | epoch: 0010/100, training time: 89.1s, inference time: 3.1s
train loss: 2.3430, val_loss: 2.0872
2025-08-26 01:36:53 | epoch: 0011/100, training time: 91.0s, inference time: 3.2s
train loss: 2.3173, val_loss: 2.1239
2025-08-26 01:38:26 | epoch: 0012/100, training time: 89.9s, inference time: 3.2s
train loss: 2.3073, val_loss: 2.0446
val loss decrease from 2.0829 to 2.0446, saving model to ./save_model/grid_24_33/Model_GF_test.pkl
2025-08-26 01:39:58 | epoch: 0013/100, training time: 89.6s, inference time: 3.1s
train loss: 2.2894, val_loss: 2.0459
2025-08-26 01:41:31 | epoch: 0014/100, training time: 89.1s, inference time: 3.1s
train loss: 2.2762, val_loss: 2.0482
2025-08-26 01:43:03 | epoch: 0015/100, training time: 89.4s, inference time: 3.1s
train loss: 2.2704, val_loss: 2.0520
2025-08-26 01:44:35 | epoch: 0016/100, training time: 89.2s, inference time: 3.1s
train loss: 2.2761, val_loss: 2.0752
2025-08-26 01:46:07 | epoch: 0017/100, training time: 88.7s, inference time: 3.2s
train loss: 2.2764, val_loss: 2.0542
2025-08-26 01:47:41 | epoch: 0018/100, training time: 90.5s, inference time: 3.1s
train loss: 2.2687, val_loss: 2.0502
2025-08-26 01:49:15 | epoch: 0019/100, training time: 90.9s, inference time: 3.1s
train loss: 2.2222, val_loss: 2.1008
2025-08-26 01:50:45 | epoch: 0020/100, training time: 87.2s, inference time: 3.1s
train loss: 2.2677, val_loss: 2.0574
2025-08-26 01:52:17 | epoch: 0021/100, training time: 88.1s, inference time: 3.1s
train loss: 2.2388, val_loss: 2.0619
2025-08-26 01:53:50 | epoch: 0022/100, training time: 89.9s, inference time: 3.1s
train loss: 2.2507, val_loss: 2.0575
early stop at epoch: 0022
Training completed. Best model saved to ./save_model/grid_24_33/Model_GF_test.pkl
**** testing model ****
loading model from ./save_model/grid_24_33/Model_GF_test.pkl
model loaded!
evaluating...
train MAE: 1.8820, RMSE: 2.9012, MAPE: 6.47%
performance in each prediction step (train)
step 1: MAE=1.5843, RMSE=2.3677, MAPE=5.42%
step 2: MAE=1.8790, RMSE=2.8703, MAPE=6.43%
step 3: MAE=1.9072, RMSE=2.9387, MAPE=6.54%
step 4: MAE=1.9093, RMSE=2.9531, MAPE=6.56%
step 5: MAE=1.9170, RMSE=2.9711, MAPE=6.60%
step 6: MAE=1.9302, RMSE=2.9963, MAPE=6.66%
step 7: MAE=1.9497, RMSE=3.0306, MAPE=6.74%
step 8: MAE=1.9795, RMSE=3.0820, MAPE=6.85%
average: MAE=1.8820, RMSE=2.9012, MAPE=6.47%
val MAE: 2.0580, RMSE: 3.1626, MAPE: 7.08%
performance in each prediction step (val)
step 1: MAE=1.6904, RMSE=2.4963, MAPE=5.77%
step 2: MAE=2.0270, RMSE=3.0680, MAPE=6.95%
step 3: MAE=2.0791, RMSE=3.1844, MAPE=7.15%
step 4: MAE=2.0987, RMSE=3.2345, MAPE=7.22%
step 5: MAE=2.1133, RMSE=3.2772, MAPE=7.28%
step 6: MAE=2.1329, RMSE=3.3132, MAPE=7.35%
step 7: MAE=2.1515, RMSE=3.3473, MAPE=7.42%
step 8: MAE=2.1712, RMSE=3.3800, MAPE=7.49%
average: MAE=2.0580, RMSE=3.1626, MAPE=7.08%
test MAE: 2.1001, RMSE: 3.2266, MAPE: 7.19%
performance in each prediction step (test)
step 1: MAE=1.7004, RMSE=2.5011, MAPE=5.79%
step 2: MAE=2.0633, RMSE=3.1409, MAPE=7.03%
step 3: MAE=2.1259, RMSE=3.2725, MAPE=7.26%
step 4: MAE=2.1475, RMSE=3.3210, MAPE=7.35%
step 5: MAE=2.1674, RMSE=3.3585, MAPE=7.43%
step 6: MAE=2.1848, RMSE=3.3849, MAPE=7.50%
step 7: MAE=2.1990, RMSE=3.4053, MAPE=7.55%
step 8: MAE=2.2122, RMSE=3.4284, MAPE=7.60%
average: MAE=2.1001, RMSE=3.2266, MAPE=7.19%
total testing time: 32.2s
total time: 34.8min
