time_slot=15, torch_seed=42, num_link=223, num_his=8, num_pred=8, L=2, K=8, d=24, train_ratio=0.7, val_ratio=0.1, test_ratio=0.2, batch_size=8, max_epoch=100, patience=10, learning_rate=0.009, decay_epoch=16, bn_decay=0.1, drop=0.01, traffic_file='./data/Traffic_speed_(24, 33).csv', query_file='./data/query_beijing_0201_grid_start_destination_count.npz', SE_file='./data/Gf_grid_24_33_id.txt', adj_file='./data/edge_list_grid_(24,33)_weight.txt', row='24', col='33', model_file='./save_model/grid_24_33/Model_GF_test.pkl', log_file='./log/grid_24_33/log_test', SE_FC_bn_decay=0.1, SE_FC_act1='relu', SE_FC_act2='none', SE_FC_drop=0.01, TE_FC_bn_decay=0.1, TE_FC_act1='relu', TE_FC_act2='none', TE_FC_drop=0.01, FFT_bn_decay=0.1, FFT_FC_act1='relu', FFT_FC_act2='none', FFT_FC_drop=0.01, SA_Q_bn_decay=0.1, SA_Q_act='relu', SA_Q_drop=0.01, SA_K_bn_decay=0.1, SA_K_act='relu', SA_K_drop=0.01, SA_V_bn_decay=0.1, SA_V_act='relu', SA_V_drop=0.01, SA_FC_bn_decay=0.1, SA_FC_act='relu', SA_FC_drop=0.01, GMF_bn_decay=0.1, AUX_aux_bn_decay=0.1, AUX_aux_act1='relu', AUX_aux_act2='none', AUX_aux_drop=0.01, AUX_main_bn_decay=0.1, AUX_main_act1='relu', AUX_main_act2='none', AUX_main_drop=0.01, AUX_sim_bn_decay=0.1, AUX_sim_act1='relu', AUX_sim_act2='sigmoid', AUX_sim_drop=0.01, AUX_attn_bn_decay=0.1, AUX_attn_act1='relu', AUX_attn_act2='none', AUX_attn_drop=0.01, AUX_fusion_bn_decay=0.1, AUX_fusion_act1='relu', AUX_fusion_act2='none', AUX_fusion_drop=0.01, AUX_bn_decay=0.1, TA_Q_bn_decay=0.1, TA_Q_act='relu', TA_Q_drop=0.01, TA_K_bn_decay=0.1, TA_K_act='relu', TA_K_drop=0.01, TA_V_bn_decay=0.1, TA_V_act='relu', TA_V_drop=0.01, TA_fusion_bn_decay=0.1, TA_fusion_act='relu', TA_fusion_drop=0.01, NAV_Q_bn_decay=0.1, NAV_Q_act='relu', NAV_Q_drop=0.01, NAV_K_bn_decay=0.1, NAV_K_act='relu', NAV_K_drop=0.01, NAV_V_bn_decay=0.1, NAV_V_act='relu', NAV_V_drop=0.01, NAV_MAP_bn_decay=0.1, NAV_MAP_act='relu', NAV_MAP_drop=0.01, NAV_FUSION_bn_decay=0.1, NAV_FUSION_act='relu', NAV_FUSION_drop=0.01, STB_spatial_fusion_bn_decay=0.1, STB_spatial_fusion_act='relu', STB_spatial_fusion_drop=0.01, STB_temporal_fusion_bn_decay=0.1, STB_temporal_fusion_act='relu', STB_temporal_fusion_drop=0.01, STB_final_fusion_bn_decay=0.1, STB_final_fusion_act='relu', STB_final_fusion_drop=0.01, STB_gate_bn_decay=0.1, STB_gate_act1='relu', STB_gate_act2='sigmoid', STB_gate_drop=0.01, TA_transform_Q_bn_decay=0.1, TA_transform_Q_act='relu', TA_transform_Q_drop=0.0, TA_transform_K_bn_decay=0.1, TA_transform_K_act='relu', TA_transform_K_drop=0.0, TA_transform_V_bn_decay=0.1, TA_transform_V_act='relu', TA_transform_V_drop=0.0, TA_transform_FC_bn_decay=0.1, TA_transform_FC_act='relu', TA_transform_FC_drop=0.0, Traffic_Linear_bn_decay=0.1, Traffic_Linear_FC_act1='relu', Traffic_Linear_FC_act2='none', Traffic_Linear_FC_drop=0.01, Query_Linear_bn_decay=0.1, Query_Linear_FC_act1='relu', Query_Linear_FC_act2='none', Query_Linear_FC_drop=0.01, Output_bn_decay=0.1, Output_FC_act1='relu', Output_FC_act2='none', Output_FC_drop=0.01
Using device: cuda:0
trainX: torch.Size([4084, 8, 223])		 trainY: torch.Size([4084, 8, 223])
valX:   torch.Size([571, 8, 223])		valY:   torch.Size([571, 8, 223])
testX:   torch.Size([1156, 8, 223])		testY:   torch.Size([1156, 8, 223])
mean:   31.8979		std:   10.7164
data loaded!
compiling model...
fourier_filter: 9 parameters
  ├─ distribution_correction: 8 parameters
traffic_linear: 38,208 parameters
  ├─ convs: 38,208 parameters
query_linear: 38,400 parameters
  ├─ convs: 38,400 parameters
nav_attention: 224,064 parameters
  ├─ W_q: 37,440 parameters
  ├─ W_k: 37,440 parameters
  ├─ W_v: 37,440 parameters
  ├─ mapping: 37,440 parameters
  ├─ fusion: 74,304 parameters
st_embedding: 163,776 parameters
  ├─ FC_se: 50,304 parameters
  ├─ FC_te: 113,472 parameters
encoder_blocks: 2,607,812 parameters
  ├─ 0: 1,303,906 parameters
  ├─ 1: 1,303,906 parameters
transform_attn: 149,760 parameters
  ├─ FC_q: 37,440 parameters
  ├─ FC_k: 37,440 parameters
  ├─ FC_v: 37,440 parameters
  ├─ FC: 37,440 parameters
decoder_blocks: 2,607,812 parameters
  ├─ 0: 1,303,906 parameters
  ├─ 1: 1,303,906 parameters
output_layer: 37,635 parameters
  ├─ convs: 37,635 parameters
trainable parameters: 5,867,476
**** training model ****
2025-08-28 01:29:04 | epoch: 0001/100, training time: 92.7s, inference time: 3.6s
train loss: 2.8553, val_loss: 2.3547
val loss decrease from inf to 2.3547, saving model to ./save_model/grid_24_33/Model_GF_test.pkl
2025-08-28 01:30:44 | epoch: 0002/100, training time: 97.2s, inference time: 3.6s
train loss: 2.5319, val_loss: 2.1370
val loss decrease from 2.3547 to 2.1370, saving model to ./save_model/grid_24_33/Model_GF_test.pkl
2025-08-28 01:32:26 | epoch: 0003/100, training time: 97.6s, inference time: 3.6s
train loss: 2.4517, val_loss: 2.1601
2025-08-28 01:34:08 | epoch: 0004/100, training time: 98.4s, inference time: 3.6s
train loss: 2.4047, val_loss: 2.1193
val loss decrease from 2.1370 to 2.1193, saving model to ./save_model/grid_24_33/Model_GF_test.pkl
2025-08-28 01:35:48 | epoch: 0005/100, training time: 97.2s, inference time: 3.6s
train loss: 2.4030, val_loss: 2.1111
val loss decrease from 2.1193 to 2.1111, saving model to ./save_model/grid_24_33/Model_GF_test.pkl
2025-08-28 01:37:28 | epoch: 0006/100, training time: 95.7s, inference time: 3.6s
train loss: 2.3813, val_loss: 2.1015
val loss decrease from 2.1111 to 2.1015, saving model to ./save_model/grid_24_33/Model_GF_test.pkl
2025-08-28 01:39:09 | epoch: 0007/100, training time: 97.6s, inference time: 3.6s
train loss: 2.3720, val_loss: 2.1095
2025-08-28 01:40:49 | epoch: 0008/100, training time: 97.5s, inference time: 3.0s
train loss: 2.3627, val_loss: 2.1012
val loss decrease from 2.1015 to 2.1012, saving model to ./save_model/grid_24_33/Model_GF_test.pkl
2025-08-28 01:42:22 | epoch: 0009/100, training time: 89.6s, inference time: 3.0s
train loss: 2.3545, val_loss: 2.1705
2025-08-28 01:43:53 | epoch: 0010/100, training time: 87.7s, inference time: 3.0s
train loss: 2.3501, val_loss: 2.1036
2025-08-28 01:45:23 | epoch: 0011/100, training time: 87.2s, inference time: 3.0s
train loss: 2.3277, val_loss: 2.1038
2025-08-28 01:46:53 | epoch: 0012/100, training time: 87.3s, inference time: 3.0s
train loss: 2.3219, val_loss: 2.0712
val loss decrease from 2.1012 to 2.0712, saving model to ./save_model/grid_24_33/Model_GF_test.pkl
2025-08-28 01:48:23 | epoch: 0013/100, training time: 86.9s, inference time: 3.0s
train loss: 2.3064, val_loss: 2.0579
val loss decrease from 2.0712 to 2.0579, saving model to ./save_model/grid_24_33/Model_GF_test.pkl
2025-08-28 01:49:53 | epoch: 0014/100, training time: 86.8s, inference time: 3.0s
train loss: 2.2923, val_loss: 2.0772
2025-08-28 01:51:23 | epoch: 0015/100, training time: 87.7s, inference time: 3.0s
train loss: 2.2883, val_loss: 2.0368
val loss decrease from 2.0579 to 2.0368, saving model to ./save_model/grid_24_33/Model_GF_test.pkl
2025-08-28 01:52:53 | epoch: 0016/100, training time: 86.9s, inference time: 3.0s
train loss: 2.2993, val_loss: 2.0614
2025-08-28 01:54:23 | epoch: 0017/100, training time: 86.9s, inference time: 3.0s
train loss: 2.2934, val_loss: 2.0747
2025-08-28 01:55:53 | epoch: 0018/100, training time: 87.1s, inference time: 3.0s
train loss: 2.2820, val_loss: 2.0792
2025-08-28 01:57:25 | epoch: 0019/100, training time: 88.3s, inference time: 3.1s
train loss: 2.2307, val_loss: 2.0423
2025-08-28 01:58:55 | epoch: 0020/100, training time: 87.2s, inference time: 3.0s
train loss: 2.2765, val_loss: 2.0700
2025-08-28 02:00:27 | epoch: 0021/100, training time: 88.5s, inference time: 3.1s
train loss: 2.2518, val_loss: 2.0922
2025-08-28 02:01:59 | epoch: 0022/100, training time: 89.7s, inference time: 3.0s
train loss: 2.2684, val_loss: 2.0961
2025-08-28 02:03:31 | epoch: 0023/100, training time: 88.5s, inference time: 3.1s
train loss: 2.2355, val_loss: 2.1042
2025-08-28 02:05:03 | epoch: 0024/100, training time: 89.4s, inference time: 3.1s
train loss: 2.2595, val_loss: 2.1273
2025-08-28 02:06:38 | epoch: 0025/100, training time: 91.5s, inference time: 3.1s
train loss: 2.2128, val_loss: 2.0433
early stop at epoch: 0025
Training completed. Best model saved to ./save_model/grid_24_33/Model_GF_test.pkl
**** testing model ****
loading model from ./save_model/grid_24_33/Model_GF_test.pkl
model loaded!
evaluating...
train MAE: 1.8747, RMSE: 2.9047, MAPE: 6.45%
performance in each prediction step (train)
step 1: MAE=1.5834, RMSE=2.3905, MAPE=5.43%
step 2: MAE=1.8791, RMSE=2.9092, MAPE=6.43%
step 3: MAE=1.9014, RMSE=2.9569, MAPE=6.53%
step 4: MAE=1.8991, RMSE=2.9525, MAPE=6.53%
step 5: MAE=1.9031, RMSE=2.9574, MAPE=6.55%
step 6: MAE=1.9175, RMSE=2.9825, MAPE=6.60%
step 7: MAE=1.9402, RMSE=3.0196, MAPE=6.69%
step 8: MAE=1.9734, RMSE=3.0694, MAPE=6.82%
average: MAE=1.8747, RMSE=2.9047, MAPE=6.45%
val MAE: 2.0409, RMSE: 3.1473, MAPE: 6.99%
performance in each prediction step (val)
step 1: MAE=1.6689, RMSE=2.5146, MAPE=5.70%
step 2: MAE=2.0184, RMSE=3.0981, MAPE=6.89%
step 3: MAE=2.0782, RMSE=3.2137, MAPE=7.11%
step 4: MAE=2.0955, RMSE=3.2478, MAPE=7.18%
step 5: MAE=2.1040, RMSE=3.2626, MAPE=7.21%
step 6: MAE=2.1107, RMSE=3.2701, MAPE=7.23%
step 7: MAE=2.1199, RMSE=3.2815, MAPE=7.27%
step 8: MAE=2.1319, RMSE=3.2899, MAPE=7.31%
average: MAE=2.0409, RMSE=3.1473, MAPE=6.99%
test MAE: 2.1009, RMSE: 3.2208, MAPE: 7.16%
performance in each prediction step (test)
step 1: MAE=1.6955, RMSE=2.5301, MAPE=5.79%
step 2: MAE=2.0717, RMSE=3.1668, MAPE=7.03%
step 3: MAE=2.1309, RMSE=3.2823, MAPE=7.24%
step 4: MAE=2.1529, RMSE=3.3148, MAPE=7.32%
step 5: MAE=2.1695, RMSE=3.3364, MAPE=7.39%
step 6: MAE=2.1837, RMSE=3.3573, MAPE=7.44%
step 7: MAE=2.1968, RMSE=3.3812, MAPE=7.49%
step 8: MAE=2.2061, RMSE=3.3972, MAPE=7.54%
average: MAE=2.1009, RMSE=3.2208, MAPE=7.16%
total testing time: 31.7s
total time: 40.2min
