time_slot=15, torch_seed=42, num_link=223, num_his=8, num_pred=8, L=2, K=8, d=8, train_ratio=0.7, val_ratio=0.1, test_ratio=0.2, batch_size=8, max_epoch=100, patience=10, learning_rate=0.003, decay_epoch=16, bn_decay=0.1, drop=0.01, traffic_file='./data/Traffic_speed_(24, 33).csv', query_file='./data/query_beijing_0201_grid_start_destination_count.npz', SE_file='./data/Gf_grid_24_33_id.txt', adj_file='./data/edge_list_grid_(24,33)_weight.txt', row='24', col='33', model_file='./save_model/grid_24_33/Model_GF_test.pkl', log_file='./log/grid_24_33/log_test', SE_FC_bn_decay=0.1, SE_FC_act1='relu', SE_FC_act2='none', SE_FC_drop=0.01, TE_FC_bn_decay=0.1, TE_FC_act1='relu', TE_FC_act2='none', TE_FC_drop=0.01, FFT_bn_decay=0.1, FFT_FC_act1='relu', FFT_FC_act2='none', FFT_FC_drop=0.01, SA_Q_bn_decay=0.1, SA_Q_act='relu', SA_Q_drop=0.01, SA_K_bn_decay=0.1, SA_K_act='relu', SA_K_drop=0.01, SA_V_bn_decay=0.1, SA_V_act='relu', SA_V_drop=0.01, SA_FC_bn_decay=0.1, SA_FC_act='relu', SA_FC_drop=0.01, GMF_bn_decay=0.1, AUX_aux_bn_decay=0.1, AUX_aux_act1='relu', AUX_aux_act2='none', AUX_aux_drop=0.01, AUX_main_bn_decay=0.1, AUX_main_act1='relu', AUX_main_act2='none', AUX_main_drop=0.01, AUX_sim_bn_decay=0.1, AUX_sim_act1='relu', AUX_sim_act2='sigmoid', AUX_sim_drop=0.01, AUX_attn_bn_decay=0.1, AUX_attn_act1='relu', AUX_attn_act2='none', AUX_attn_drop=0.01, AUX_fusion_bn_decay=0.1, AUX_fusion_act1='relu', AUX_fusion_act2='none', AUX_fusion_drop=0.01, AUX_bn_decay=0.1, TA_Q_bn_decay=0.1, TA_Q_act='relu', TA_Q_drop=0.01, TA_K_bn_decay=0.1, TA_K_act='relu', TA_K_drop=0.01, TA_V_bn_decay=0.1, TA_V_act='relu', TA_V_drop=0.01, TA_fusion_bn_decay=0.1, TA_fusion_act='relu', TA_fusion_drop=0.01, NAV_Q_bn_decay=0.1, NAV_Q_act='relu', NAV_Q_drop=0.01, NAV_K_bn_decay=0.1, NAV_K_act='relu', NAV_K_drop=0.01, NAV_V_bn_decay=0.1, NAV_V_act='relu', NAV_V_drop=0.01, NAV_MAP_bn_decay=0.1, NAV_MAP_act='relu', NAV_MAP_drop=0.01, NAV_FUSION_bn_decay=0.1, NAV_FUSION_act='relu', NAV_FUSION_drop=0.01, STB_spatial_fusion_bn_decay=0.1, STB_spatial_fusion_act='relu', STB_spatial_fusion_drop=0.01, STB_temporal_fusion_bn_decay=0.1, STB_temporal_fusion_act='relu', STB_temporal_fusion_drop=0.01, STB_final_fusion_bn_decay=0.1, STB_final_fusion_act='relu', STB_final_fusion_drop=0.01, STB_gate_bn_decay=0.1, STB_gate_act1='relu', STB_gate_act2='sigmoid', STB_gate_drop=0.01, TA_transform_Q_bn_decay=0.1, TA_transform_Q_act='relu', TA_transform_Q_drop=0.0, TA_transform_K_bn_decay=0.1, TA_transform_K_act='relu', TA_transform_K_drop=0.0, TA_transform_V_bn_decay=0.1, TA_transform_V_act='relu', TA_transform_V_drop=0.0, TA_transform_FC_bn_decay=0.1, TA_transform_FC_act='relu', TA_transform_FC_drop=0.0, Traffic_Linear_bn_decay=0.1, Traffic_Linear_FC_act1='relu', Traffic_Linear_FC_act2='none', Traffic_Linear_FC_drop=0.01, Query_Linear_bn_decay=0.1, Query_Linear_FC_act1='relu', Query_Linear_FC_act2='none', Query_Linear_FC_drop=0.01, Output_bn_decay=0.1, Output_FC_act1='relu', Output_FC_act2='none', Output_FC_drop=0.01
Using device: cuda:0
trainX: torch.Size([4084, 8, 223])		 trainY: torch.Size([4084, 8, 223])
valX:   torch.Size([571, 8, 223])		valY:   torch.Size([571, 8, 223])
testX:   torch.Size([1156, 8, 223])		testY:   torch.Size([1156, 8, 223])
mean:   31.8979		std:   10.7164
data loaded!
compiling model...
fourier_filter: 9 parameters
  ├─ distribution_correction: 8 parameters
traffic_linear: 4,544 parameters
  ├─ convs: 4,544 parameters
query_linear: 4,608 parameters
  ├─ convs: 4,608 parameters
nav_attention: 25,536 parameters
  ├─ W_q: 4,288 parameters
  ├─ W_k: 4,288 parameters
  ├─ W_v: 4,288 parameters
  ├─ mapping: 4,288 parameters
  ├─ fusion: 8,384 parameters
st_embedding: 21,824 parameters
  ├─ FC_se: 8,576 parameters
  ├─ FC_te: 13,248 parameters
encoder_blocks: 302,148 parameters
  ├─ 0: 151,074 parameters
  ├─ 1: 151,074 parameters
transform_attn: 17,152 parameters
  ├─ FC_q: 4,288 parameters
  ├─ FC_k: 4,288 parameters
  ├─ FC_v: 4,288 parameters
  ├─ FC: 4,288 parameters
decoder_blocks: 302,148 parameters
  ├─ 0: 151,074 parameters
  ├─ 1: 151,074 parameters
output_layer: 4,355 parameters
  ├─ convs: 4,355 parameters
trainable parameters: 682,324
**** training model ****
2025-08-30 03:24:42 | epoch: 0001/100, training time: 86.1s, inference time: 3.1s
train loss: 2.9019, val_loss: 2.3398
val loss decrease from inf to 2.3398, saving model to ./save_model/grid_24_33/Model_GF_test.pkl
2025-08-30 03:26:17 | epoch: 0002/100, training time: 91.6s, inference time: 3.1s
train loss: 2.5348, val_loss: 2.1726
val loss decrease from 2.3398 to 2.1726, saving model to ./save_model/grid_24_33/Model_GF_test.pkl
2025-08-30 03:27:50 | epoch: 0003/100, training time: 90.2s, inference time: 3.1s
train loss: 2.4476, val_loss: 2.2221
2025-08-30 03:29:33 | epoch: 0004/100, training time: 98.7s, inference time: 3.7s
train loss: 2.3960, val_loss: 2.1459
val loss decrease from 2.1726 to 2.1459, saving model to ./save_model/grid_24_33/Model_GF_test.pkl
2025-08-30 03:31:17 | epoch: 0005/100, training time: 100.5s, inference time: 3.7s
train loss: 2.3897, val_loss: 2.3797
2025-08-30 03:32:52 | epoch: 0006/100, training time: 91.6s, inference time: 3.0s
train loss: 2.3665, val_loss: 2.0729
val loss decrease from 2.1459 to 2.0729, saving model to ./save_model/grid_24_33/Model_GF_test.pkl
2025-08-30 03:34:29 | epoch: 0007/100, training time: 93.8s, inference time: 3.8s
train loss: 2.3564, val_loss: 2.0907
2025-08-30 03:36:13 | epoch: 0008/100, training time: 100.6s, inference time: 3.7s
train loss: 2.3472, val_loss: 2.1998
2025-08-30 03:37:57 | epoch: 0009/100, training time: 99.9s, inference time: 3.7s
train loss: 2.3358, val_loss: 2.1457
2025-08-30 03:39:41 | epoch: 0010/100, training time: 100.3s, inference time: 3.2s
train loss: 2.3289, val_loss: 2.1251
2025-08-30 03:41:13 | epoch: 0011/100, training time: 89.6s, inference time: 3.0s
train loss: 2.3119, val_loss: 2.2656
2025-08-30 03:42:47 | epoch: 0012/100, training time: 90.8s, inference time: 3.3s
train loss: 2.3011, val_loss: 2.0846
2025-08-30 03:44:25 | epoch: 0013/100, training time: 93.9s, inference time: 4.2s
train loss: 2.2845, val_loss: 2.0691
val loss decrease from 2.0729 to 2.0691, saving model to ./save_model/grid_24_33/Model_GF_test.pkl
2025-08-30 03:46:01 | epoch: 0014/100, training time: 92.3s, inference time: 3.1s
train loss: 2.2707, val_loss: 2.0620
val loss decrease from 2.0691 to 2.0620, saving model to ./save_model/grid_24_33/Model_GF_test.pkl
2025-08-30 03:47:32 | epoch: 0015/100, training time: 88.2s, inference time: 3.1s
train loss: 2.2644, val_loss: 2.0677
2025-08-30 03:49:05 | epoch: 0016/100, training time: 89.8s, inference time: 3.1s
train loss: 2.2735, val_loss: 2.0737
2025-08-30 03:50:37 | epoch: 0017/100, training time: 89.1s, inference time: 3.1s
train loss: 2.2652, val_loss: 2.0690
2025-08-30 03:52:10 | epoch: 0018/100, training time: 90.1s, inference time: 3.1s
train loss: 2.2555, val_loss: 2.0729
2025-08-30 03:53:43 | epoch: 0019/100, training time: 89.2s, inference time: 3.8s
train loss: 2.2100, val_loss: 2.0577
val loss decrease from 2.0620 to 2.0577, saving model to ./save_model/grid_24_33/Model_GF_test.pkl
2025-08-30 03:55:25 | epoch: 0020/100, training time: 98.1s, inference time: 3.4s
train loss: 2.2563, val_loss: 2.0459
val loss decrease from 2.0577 to 2.0459, saving model to ./save_model/grid_24_33/Model_GF_test.pkl
2025-08-30 03:57:02 | epoch: 0021/100, training time: 93.8s, inference time: 3.1s
train loss: 2.2313, val_loss: 2.0942
2025-08-30 03:58:45 | epoch: 0022/100, training time: 100.7s, inference time: 3.1s
train loss: 2.2439, val_loss: 2.0874
2025-08-30 04:00:19 | epoch: 0023/100, training time: 90.2s, inference time: 3.0s
train loss: 2.2135, val_loss: 2.0638
2025-08-30 04:01:51 | epoch: 0024/100, training time: 89.6s, inference time: 3.0s
train loss: 2.2400, val_loss: 2.0669
2025-08-30 04:03:23 | epoch: 0025/100, training time: 88.7s, inference time: 3.0s
train loss: 2.1909, val_loss: 2.0353
val loss decrease from 2.0459 to 2.0353, saving model to ./save_model/grid_24_33/Model_GF_test.pkl
2025-08-30 04:04:56 | epoch: 0026/100, training time: 89.9s, inference time: 3.1s
train loss: 2.1774, val_loss: 2.0540
2025-08-30 04:06:28 | epoch: 0027/100, training time: 89.0s, inference time: 3.0s
train loss: 2.2136, val_loss: 2.1086
2025-08-30 04:08:01 | epoch: 0028/100, training time: 89.5s, inference time: 3.0s
train loss: 2.2141, val_loss: 2.0953
2025-08-30 04:09:31 | epoch: 0029/100, training time: 87.5s, inference time: 3.0s
train loss: 2.2027, val_loss: 2.1032
2025-08-30 04:11:02 | epoch: 0030/100, training time: 88.0s, inference time: 3.0s
train loss: 2.1980, val_loss: 2.0770
2025-08-30 04:12:34 | epoch: 0031/100, training time: 88.8s, inference time: 3.0s
train loss: 2.2009, val_loss: 2.0640
2025-08-30 04:14:07 | epoch: 0032/100, training time: 89.6s, inference time: 3.0s
train loss: 2.2132, val_loss: 2.0888
2025-08-30 04:15:39 | epoch: 0033/100, training time: 88.9s, inference time: 3.0s
train loss: 2.1727, val_loss: 2.0879
2025-08-30 04:17:10 | epoch: 0034/100, training time: 88.7s, inference time: 3.0s
train loss: 2.1564, val_loss: 2.0472
2025-08-30 04:18:42 | epoch: 0035/100, training time: 88.7s, inference time: 3.0s
train loss: 2.1502, val_loss: 2.1100
early stop at epoch: 0035
Training completed. Best model saved to ./save_model/grid_24_33/Model_GF_test.pkl
**** testing model ****
loading model from ./save_model/grid_24_33/Model_GF_test.pkl
model loaded!
evaluating...
train MAE: 1.8137, RMSE: 2.7532, MAPE: 6.27%
performance in each prediction step (train)
step 1: MAE=1.5663, RMSE=2.3214, MAPE=5.39%
step 2: MAE=1.8414, RMSE=2.7875, MAPE=6.36%
step 3: MAE=1.8476, RMSE=2.8090, MAPE=6.39%
step 4: MAE=1.8358, RMSE=2.7933, MAPE=6.35%
step 5: MAE=1.8350, RMSE=2.7939, MAPE=6.34%
step 6: MAE=1.8411, RMSE=2.8046, MAPE=6.37%
step 7: MAE=1.8560, RMSE=2.8331, MAPE=6.42%
step 8: MAE=1.8868, RMSE=2.8832, MAPE=6.55%
average: MAE=1.8137, RMSE=2.7532, MAPE=6.27%
val MAE: 2.1096, RMSE: 3.2153, MAPE: 7.34%
performance in each prediction step (val)
step 1: MAE=1.7294, RMSE=2.5374, MAPE=5.99%
step 2: MAE=2.0965, RMSE=3.1713, MAPE=7.32%
step 3: MAE=2.1459, RMSE=3.2787, MAPE=7.50%
step 4: MAE=2.1610, RMSE=3.3112, MAPE=7.54%
step 5: MAE=2.1721, RMSE=3.3365, MAPE=7.57%
step 6: MAE=2.1842, RMSE=3.3531, MAPE=7.59%
step 7: MAE=2.1924, RMSE=3.3651, MAPE=7.61%
step 8: MAE=2.1952, RMSE=3.3693, MAPE=7.61%
average: MAE=2.1096, RMSE=3.2153, MAPE=7.34%
test MAE: 2.1378, RMSE: 3.2405, MAPE: 7.40%
performance in each prediction step (test)
step 1: MAE=1.7304, RMSE=2.5165, MAPE=5.97%
step 2: MAE=2.1172, RMSE=3.1892, MAPE=7.33%
step 3: MAE=2.1791, RMSE=3.3131, MAPE=7.54%
step 4: MAE=2.1978, RMSE=3.3469, MAPE=7.61%
step 5: MAE=2.2103, RMSE=3.3689, MAPE=7.65%
step 6: MAE=2.2191, RMSE=3.3881, MAPE=7.68%
step 7: MAE=2.2229, RMSE=3.3983, MAPE=7.69%
step 8: MAE=2.2252, RMSE=3.4028, MAPE=7.70%
average: MAE=2.1378, RMSE=3.2405, MAPE=7.40%
total testing time: 31.3s
total time: 56.4min
