time_slot=15, torch_seed=42, num_link=223, num_his=8, num_pred=8, L=2, K=8, d=8, train_ratio=0.7, val_ratio=0.1, test_ratio=0.2, batch_size=8, max_epoch=100, patience=10, learning_rate=0.002, decay_epoch=16, bn_decay=0.1, drop=0.01, traffic_file='./data/Traffic_speed_(24, 33).csv', query_file='./data/query_beijing_0201_grid_start_destination_count.npz', SE_file='./data/Gf_grid_24_33_id.txt', adj_file='./data/edge_list_grid_(24,33)_weight.txt', row='24', col='33', model_file='./save_model/grid_24_33/Model_GF_test.pkl', log_file='./log/grid_24_33/log_test', SE_FC_bn_decay=0.1, SE_FC_act1='relu', SE_FC_act2='none', SE_FC_drop=0.01, TE_FC_bn_decay=0.1, TE_FC_act1='relu', TE_FC_act2='none', TE_FC_drop=0.01, FFT_bn_decay=0.1, FFT_FC_act1='relu', FFT_FC_act2='none', FFT_FC_drop=0.01, SA_Q_bn_decay=0.1, SA_Q_act='relu', SA_Q_drop=0.01, SA_K_bn_decay=0.1, SA_K_act='relu', SA_K_drop=0.01, SA_V_bn_decay=0.1, SA_V_act='relu', SA_V_drop=0.01, SA_FC_bn_decay=0.1, SA_FC_act='relu', SA_FC_drop=0.01, GMF_bn_decay=0.1, AUX_aux_bn_decay=0.1, AUX_aux_act1='relu', AUX_aux_act2='none', AUX_aux_drop=0.01, AUX_main_bn_decay=0.1, AUX_main_act1='relu', AUX_main_act2='none', AUX_main_drop=0.01, AUX_sim_bn_decay=0.1, AUX_sim_act1='relu', AUX_sim_act2='sigmoid', AUX_sim_drop=0.01, AUX_attn_bn_decay=0.1, AUX_attn_act1='relu', AUX_attn_act2='none', AUX_attn_drop=0.01, AUX_fusion_bn_decay=0.1, AUX_fusion_act1='relu', AUX_fusion_act2='none', AUX_fusion_drop=0.01, AUX_bn_decay=0.1, TA_Q_bn_decay=0.1, TA_Q_act='relu', TA_Q_drop=0.01, TA_K_bn_decay=0.1, TA_K_act='relu', TA_K_drop=0.01, TA_V_bn_decay=0.1, TA_V_act='relu', TA_V_drop=0.01, TA_fusion_bn_decay=0.1, TA_fusion_act='relu', TA_fusion_drop=0.01, NAV_Q_bn_decay=0.1, NAV_Q_act='relu', NAV_Q_drop=0.01, NAV_K_bn_decay=0.1, NAV_K_act='relu', NAV_K_drop=0.01, NAV_V_bn_decay=0.1, NAV_V_act='relu', NAV_V_drop=0.01, NAV_MAP_bn_decay=0.1, NAV_MAP_act='relu', NAV_MAP_drop=0.01, NAV_FUSION_bn_decay=0.1, NAV_FUSION_act='relu', NAV_FUSION_drop=0.01, STB_spatial_fusion_bn_decay=0.1, STB_spatial_fusion_act='relu', STB_spatial_fusion_drop=0.01, STB_temporal_fusion_bn_decay=0.1, STB_temporal_fusion_act='relu', STB_temporal_fusion_drop=0.01, STB_final_fusion_bn_decay=0.1, STB_final_fusion_act='relu', STB_final_fusion_drop=0.01, STB_gate_bn_decay=0.1, STB_gate_act1='relu', STB_gate_act2='sigmoid', STB_gate_drop=0.01, TA_transform_Q_bn_decay=0.1, TA_transform_Q_act='relu', TA_transform_Q_drop=0.0, TA_transform_K_bn_decay=0.1, TA_transform_K_act='relu', TA_transform_K_drop=0.0, TA_transform_V_bn_decay=0.1, TA_transform_V_act='relu', TA_transform_V_drop=0.0, TA_transform_FC_bn_decay=0.1, TA_transform_FC_act='relu', TA_transform_FC_drop=0.0, Traffic_Linear_bn_decay=0.1, Traffic_Linear_FC_act1='relu', Traffic_Linear_FC_act2='none', Traffic_Linear_FC_drop=0.01, Query_Linear_bn_decay=0.1, Query_Linear_FC_act1='relu', Query_Linear_FC_act2='none', Query_Linear_FC_drop=0.01, Output_bn_decay=0.1, Output_FC_act1='relu', Output_FC_act2='none', Output_FC_drop=0.01
Using device: cuda:0
trainX: torch.Size([4084, 8, 223])		 trainY: torch.Size([4084, 8, 223])
valX:   torch.Size([571, 8, 223])		valY:   torch.Size([571, 8, 223])
testX:   torch.Size([1156, 8, 223])		testY:   torch.Size([1156, 8, 223])
mean:   31.8979		std:   10.7164
data loaded!
compiling model...
fourier_filter: 9 parameters
  ├─ distribution_correction: 8 parameters
traffic_linear: 4,544 parameters
  ├─ convs: 4,544 parameters
query_linear: 4,608 parameters
  ├─ convs: 4,608 parameters
nav_attention: 25,536 parameters
  ├─ W_q: 4,288 parameters
  ├─ W_k: 4,288 parameters
  ├─ W_v: 4,288 parameters
  ├─ mapping: 4,288 parameters
  ├─ fusion: 8,384 parameters
st_embedding: 21,824 parameters
  ├─ FC_se: 8,576 parameters
  ├─ FC_te: 13,248 parameters
encoder_blocks: 302,148 parameters
  ├─ 0: 151,074 parameters
  ├─ 1: 151,074 parameters
transform_attn: 17,152 parameters
  ├─ FC_q: 4,288 parameters
  ├─ FC_k: 4,288 parameters
  ├─ FC_v: 4,288 parameters
  ├─ FC: 4,288 parameters
decoder_blocks: 302,148 parameters
  ├─ 0: 151,074 parameters
  ├─ 1: 151,074 parameters
output_layer: 4,355 parameters
  ├─ convs: 4,355 parameters
trainable parameters: 682,324
**** training model ****
2025-08-30 02:48:46 | epoch: 0001/100, training time: 87.7s, inference time: 3.2s
train loss: 2.9432, val_loss: 2.3813
val loss decrease from inf to 2.3813, saving model to ./save_model/grid_24_33/Model_GF_test.pkl
2025-08-30 02:50:18 | epoch: 0002/100, training time: 89.0s, inference time: 3.1s
train loss: 2.5429, val_loss: 2.2088
val loss decrease from 2.3813 to 2.2088, saving model to ./save_model/grid_24_33/Model_GF_test.pkl
2025-08-30 02:51:54 | epoch: 0003/100, training time: 92.6s, inference time: 3.1s
train loss: 2.4510, val_loss: 2.2057
val loss decrease from 2.2088 to 2.2057, saving model to ./save_model/grid_24_33/Model_GF_test.pkl
2025-08-30 02:53:30 | epoch: 0004/100, training time: 92.8s, inference time: 3.2s
train loss: 2.3999, val_loss: 2.1684
val loss decrease from 2.2057 to 2.1684, saving model to ./save_model/grid_24_33/Model_GF_test.pkl
2025-08-30 02:55:02 | epoch: 0005/100, training time: 89.0s, inference time: 3.2s
train loss: 2.3877, val_loss: 2.1780
2025-08-30 02:56:34 | epoch: 0006/100, training time: 88.8s, inference time: 3.1s
train loss: 2.3722, val_loss: 2.0779
val loss decrease from 2.1684 to 2.0779, saving model to ./save_model/grid_24_33/Model_GF_test.pkl
2025-08-30 02:58:06 | epoch: 0007/100, training time: 89.2s, inference time: 3.2s
train loss: 2.3574, val_loss: 2.1190
2025-08-30 02:59:40 | epoch: 0008/100, training time: 90.9s, inference time: 3.2s
train loss: 2.3469, val_loss: 2.1826
2025-08-30 03:01:16 | epoch: 0009/100, training time: 92.8s, inference time: 3.2s
train loss: 2.3331, val_loss: 2.1394
2025-08-30 03:02:51 | epoch: 0010/100, training time: 91.5s, inference time: 3.2s
train loss: 2.3283, val_loss: 2.0822
2025-08-30 03:04:26 | epoch: 0011/100, training time: 91.9s, inference time: 3.2s
train loss: 2.3083, val_loss: 2.2387
2025-08-30 03:06:01 | epoch: 0012/100, training time: 91.3s, inference time: 3.5s
train loss: 2.2982, val_loss: 2.0421
val loss decrease from 2.0779 to 2.0421, saving model to ./save_model/grid_24_33/Model_GF_test.pkl
2025-08-30 03:07:39 | epoch: 0013/100, training time: 94.5s, inference time: 3.4s
train loss: 2.2791, val_loss: 2.0506
2025-08-30 03:09:15 | epoch: 0014/100, training time: 92.4s, inference time: 3.4s
train loss: 2.2663, val_loss: 2.0721
2025-08-30 03:10:51 | epoch: 0015/100, training time: 93.1s, inference time: 3.2s
train loss: 2.2624, val_loss: 2.0559
2025-08-30 03:12:26 | epoch: 0016/100, training time: 92.1s, inference time: 3.2s
train loss: 2.2671, val_loss: 2.0588
2025-08-30 03:14:00 | epoch: 0017/100, training time: 90.6s, inference time: 3.3s
train loss: 2.2589, val_loss: 2.0741
2025-08-30 03:15:36 | epoch: 0018/100, training time: 92.7s, inference time: 3.3s
train loss: 2.2496, val_loss: 2.0499
2025-08-30 03:17:12 | epoch: 0019/100, training time: 92.7s, inference time: 3.2s
train loss: 2.2030, val_loss: 2.0926
2025-08-30 03:18:46 | epoch: 0020/100, training time: 90.6s, inference time: 3.2s
train loss: 2.2504, val_loss: 2.0590
2025-08-30 03:20:21 | epoch: 0021/100, training time: 91.6s, inference time: 3.1s
train loss: 2.2240, val_loss: 2.0904
2025-08-30 03:21:54 | epoch: 0022/100, training time: 89.9s, inference time: 3.3s
train loss: 2.2377, val_loss: 2.0556
early stop at epoch: 0022
Training completed. Best model saved to ./save_model/grid_24_33/Model_GF_test.pkl
**** testing model ****
loading model from ./save_model/grid_24_33/Model_GF_test.pkl
model loaded!
evaluating...
train MAE: 1.8583, RMSE: 2.8532, MAPE: 6.36%
performance in each prediction step (train)
step 1: MAE=1.5619, RMSE=2.3414, MAPE=5.33%
step 2: MAE=1.8629, RMSE=2.8411, MAPE=6.36%
step 3: MAE=1.8883, RMSE=2.8945, MAPE=6.45%
step 4: MAE=1.8860, RMSE=2.9018, MAPE=6.45%
step 5: MAE=1.8891, RMSE=2.9126, MAPE=6.47%
step 6: MAE=1.8984, RMSE=2.9312, MAPE=6.51%
step 7: MAE=1.9209, RMSE=2.9694, MAPE=6.59%
step 8: MAE=1.9586, RMSE=3.0333, MAPE=6.73%
average: MAE=1.8583, RMSE=2.8532, MAPE=6.36%
val MAE: 2.0559, RMSE: 3.1512, MAPE: 7.05%
performance in each prediction step (val)
step 1: MAE=1.6760, RMSE=2.5162, MAPE=5.73%
step 2: MAE=2.0319, RMSE=3.0891, MAPE=6.97%
step 3: MAE=2.0869, RMSE=3.1973, MAPE=7.16%
step 4: MAE=2.1024, RMSE=3.2375, MAPE=7.22%
step 5: MAE=2.1158, RMSE=3.2611, MAPE=7.26%
step 6: MAE=2.1288, RMSE=3.2798, MAPE=7.30%
step 7: MAE=2.1433, RMSE=3.3019, MAPE=7.35%
step 8: MAE=2.1618, RMSE=3.3269, MAPE=7.42%
average: MAE=2.0559, RMSE=3.1512, MAPE=7.05%
test MAE: 2.1198, RMSE: 3.2432, MAPE: 7.28%
performance in each prediction step (test)
step 1: MAE=1.7000, RMSE=2.5137, MAPE=5.82%
step 2: MAE=2.0866, RMSE=3.1667, MAPE=7.15%
step 3: MAE=2.1508, RMSE=3.2909, MAPE=7.38%
step 4: MAE=2.1703, RMSE=3.3337, MAPE=7.45%
step 5: MAE=2.1878, RMSE=3.3668, MAPE=7.51%
step 6: MAE=2.2036, RMSE=3.3946, MAPE=7.57%
step 7: MAE=2.2205, RMSE=3.4246, MAPE=7.64%
step 8: MAE=2.2388, RMSE=3.4548, MAPE=7.72%
average: MAE=2.1198, RMSE=3.2432, MAPE=7.28%
total testing time: 33.1s
total time: 35.7min
