time_slot=15, torch_seed=42, num_link=223, num_his=8, num_pred=8, L=2, K=8, d=8, train_ratio=0.7, val_ratio=0.1, test_ratio=0.2, batch_size=8, max_epoch=100, patience=10, learning_rate=0.004, decay_epoch=16, bn_decay=0.1, drop=0.01, traffic_file='./data/Traffic_speed_(24, 33).csv', query_file='./data/query_beijing_0201_grid_start_destination_count.npz', SE_file='./data/Gf_grid_24_33_id.txt', adj_file='./data/edge_list_grid_(24,33)_weight.txt', row='24', col='33', model_file='./save_model/grid_24_33/Model_GF_test.pkl', log_file='./log/grid_24_33/log_test', SE_FC_bn_decay=0.1, SE_FC_act1='relu', SE_FC_act2='none', SE_FC_drop=0.01, TE_FC_bn_decay=0.1, TE_FC_act1='relu', TE_FC_act2='none', TE_FC_drop=0.01, FFT_bn_decay=0.1, FFT_FC_act1='relu', FFT_FC_act2='none', FFT_FC_drop=0.01, SA_Q_bn_decay=0.1, SA_Q_act='relu', SA_Q_drop=0.01, SA_K_bn_decay=0.1, SA_K_act='relu', SA_K_drop=0.01, SA_V_bn_decay=0.1, SA_V_act='relu', SA_V_drop=0.01, SA_FC_bn_decay=0.1, SA_FC_act='relu', SA_FC_drop=0.01, GMF_bn_decay=0.1, AUX_aux_bn_decay=0.1, AUX_aux_act1='relu', AUX_aux_act2='none', AUX_aux_drop=0.01, AUX_main_bn_decay=0.1, AUX_main_act1='relu', AUX_main_act2='none', AUX_main_drop=0.01, AUX_sim_bn_decay=0.1, AUX_sim_act1='relu', AUX_sim_act2='sigmoid', AUX_sim_drop=0.01, AUX_attn_bn_decay=0.1, AUX_attn_act1='relu', AUX_attn_act2='none', AUX_attn_drop=0.01, AUX_fusion_bn_decay=0.1, AUX_fusion_act1='relu', AUX_fusion_act2='none', AUX_fusion_drop=0.01, AUX_bn_decay=0.1, TA_Q_bn_decay=0.1, TA_Q_act='relu', TA_Q_drop=0.01, TA_K_bn_decay=0.1, TA_K_act='relu', TA_K_drop=0.01, TA_V_bn_decay=0.1, TA_V_act='relu', TA_V_drop=0.01, TA_fusion_bn_decay=0.1, TA_fusion_act='relu', TA_fusion_drop=0.01, NAV_Q_bn_decay=0.1, NAV_Q_act='relu', NAV_Q_drop=0.01, NAV_K_bn_decay=0.1, NAV_K_act='relu', NAV_K_drop=0.01, NAV_V_bn_decay=0.1, NAV_V_act='relu', NAV_V_drop=0.01, NAV_MAP_bn_decay=0.1, NAV_MAP_act='relu', NAV_MAP_drop=0.01, NAV_FUSION_bn_decay=0.1, NAV_FUSION_act='relu', NAV_FUSION_drop=0.01, STB_spatial_fusion_bn_decay=0.1, STB_spatial_fusion_act='relu', STB_spatial_fusion_drop=0.01, STB_temporal_fusion_bn_decay=0.1, STB_temporal_fusion_act='relu', STB_temporal_fusion_drop=0.01, STB_final_fusion_bn_decay=0.1, STB_final_fusion_act='relu', STB_final_fusion_drop=0.01, STB_gate_bn_decay=0.1, STB_gate_act1='relu', STB_gate_act2='sigmoid', STB_gate_drop=0.01, TA_transform_Q_bn_decay=0.1, TA_transform_Q_act='relu', TA_transform_Q_drop=0.0, TA_transform_K_bn_decay=0.1, TA_transform_K_act='relu', TA_transform_K_drop=0.0, TA_transform_V_bn_decay=0.1, TA_transform_V_act='relu', TA_transform_V_drop=0.0, TA_transform_FC_bn_decay=0.1, TA_transform_FC_act='relu', TA_transform_FC_drop=0.0, Traffic_Linear_bn_decay=0.1, Traffic_Linear_FC_act1='relu', Traffic_Linear_FC_act2='none', Traffic_Linear_FC_drop=0.01, Query_Linear_bn_decay=0.1, Query_Linear_FC_act1='relu', Query_Linear_FC_act2='none', Query_Linear_FC_drop=0.01, Output_bn_decay=0.1, Output_FC_act1='relu', Output_FC_act2='none', Output_FC_drop=0.01
Using device: cuda:0
trainX: torch.Size([4084, 8, 223])		 trainY: torch.Size([4084, 8, 223])
valX:   torch.Size([571, 8, 223])		valY:   torch.Size([571, 8, 223])
testX:   torch.Size([1156, 8, 223])		testY:   torch.Size([1156, 8, 223])
mean:   31.8979		std:   10.7164
data loaded!
compiling model...
fourier_filter: 9 parameters
  ├─ distribution_correction: 8 parameters
traffic_linear: 4,544 parameters
  ├─ convs: 4,544 parameters
query_linear: 4,608 parameters
  ├─ convs: 4,608 parameters
nav_attention: 25,536 parameters
  ├─ W_q: 4,288 parameters
  ├─ W_k: 4,288 parameters
  ├─ W_v: 4,288 parameters
  ├─ mapping: 4,288 parameters
  ├─ fusion: 8,384 parameters
st_embedding: 21,824 parameters
  ├─ FC_se: 8,576 parameters
  ├─ FC_te: 13,248 parameters
encoder_blocks: 302,148 parameters
  ├─ 0: 151,074 parameters
  ├─ 1: 151,074 parameters
transform_attn: 17,152 parameters
  ├─ FC_q: 4,288 parameters
  ├─ FC_k: 4,288 parameters
  ├─ FC_v: 4,288 parameters
  ├─ FC: 4,288 parameters
decoder_blocks: 302,148 parameters
  ├─ 0: 151,074 parameters
  ├─ 1: 151,074 parameters
output_layer: 4,355 parameters
  ├─ convs: 4,355 parameters
trainable parameters: 682,324
**** training model ****
2025-08-30 04:21:32 | epoch: 0001/100, training time: 92.7s, inference time: 3.7s
train loss: 2.8879, val_loss: 2.2743
val loss decrease from inf to 2.2743, saving model to ./save_model/grid_24_33/Model_GF_test.pkl
2025-08-30 04:23:14 | epoch: 0002/100, training time: 97.8s, inference time: 3.6s
train loss: 2.5240, val_loss: 2.1656
val loss decrease from 2.2743 to 2.1656, saving model to ./save_model/grid_24_33/Model_GF_test.pkl
2025-08-30 04:24:55 | epoch: 0003/100, training time: 97.6s, inference time: 3.6s
train loss: 2.4461, val_loss: 2.2637
2025-08-30 04:26:27 | epoch: 0004/100, training time: 89.5s, inference time: 3.0s
train loss: 2.3954, val_loss: 2.1587
val loss decrease from 2.1656 to 2.1587, saving model to ./save_model/grid_24_33/Model_GF_test.pkl
2025-08-30 04:27:57 | epoch: 0005/100, training time: 87.1s, inference time: 3.0s
train loss: 2.3897, val_loss: 2.1144
val loss decrease from 2.1587 to 2.1144, saving model to ./save_model/grid_24_33/Model_GF_test.pkl
2025-08-30 04:29:27 | epoch: 0006/100, training time: 86.2s, inference time: 3.0s
train loss: 2.3691, val_loss: 2.0710
val loss decrease from 2.1144 to 2.0710, saving model to ./save_model/grid_24_33/Model_GF_test.pkl
2025-08-30 04:30:57 | epoch: 0007/100, training time: 87.7s, inference time: 3.0s
train loss: 2.3580, val_loss: 2.1699
2025-08-30 04:32:27 | epoch: 0008/100, training time: 86.6s, inference time: 3.0s
train loss: 2.3507, val_loss: 2.2074
2025-08-30 04:33:58 | epoch: 0009/100, training time: 87.7s, inference time: 3.0s
train loss: 2.3384, val_loss: 2.1223
2025-08-30 04:35:28 | epoch: 0010/100, training time: 87.4s, inference time: 3.0s
train loss: 2.3329, val_loss: 2.0772
2025-08-30 04:37:00 | epoch: 0011/100, training time: 88.7s, inference time: 3.1s
train loss: 2.3135, val_loss: 2.1720
2025-08-30 04:38:39 | epoch: 0012/100, training time: 96.4s, inference time: 3.1s
train loss: 2.3036, val_loss: 2.0681
val loss decrease from 2.0710 to 2.0681, saving model to ./save_model/grid_24_33/Model_GF_test.pkl
2025-08-30 04:40:21 | epoch: 0013/100, training time: 98.8s, inference time: 3.1s
train loss: 2.2850, val_loss: 2.0851
2025-08-30 04:42:03 | epoch: 0014/100, training time: 98.6s, inference time: 3.1s
train loss: 2.2700, val_loss: 2.0654
val loss decrease from 2.0681 to 2.0654, saving model to ./save_model/grid_24_33/Model_GF_test.pkl
2025-08-30 04:43:42 | epoch: 0015/100, training time: 96.3s, inference time: 3.0s
train loss: 2.2681, val_loss: 2.0652
val loss decrease from 2.0654 to 2.0652, saving model to ./save_model/grid_24_33/Model_GF_test.pkl
2025-08-30 04:45:16 | epoch: 0016/100, training time: 90.6s, inference time: 3.1s
train loss: 2.2745, val_loss: 2.0576
val loss decrease from 2.0652 to 2.0576, saving model to ./save_model/grid_24_33/Model_GF_test.pkl
2025-08-30 04:46:48 | epoch: 0017/100, training time: 89.2s, inference time: 3.1s
train loss: 2.2668, val_loss: 2.0730
2025-08-30 04:48:19 | epoch: 0018/100, training time: 87.5s, inference time: 3.1s
train loss: 2.2555, val_loss: 2.0565
val loss decrease from 2.0576 to 2.0565, saving model to ./save_model/grid_24_33/Model_GF_test.pkl
2025-08-30 04:49:48 | epoch: 0019/100, training time: 86.6s, inference time: 3.0s
train loss: 2.2099, val_loss: 2.0606
2025-08-30 04:51:17 | epoch: 0020/100, training time: 85.9s, inference time: 3.0s
train loss: 2.2565, val_loss: 2.0546
val loss decrease from 2.0565 to 2.0546, saving model to ./save_model/grid_24_33/Model_GF_test.pkl
2025-08-30 04:52:46 | epoch: 0021/100, training time: 86.0s, inference time: 3.0s
train loss: 2.2320, val_loss: 2.0729
2025-08-30 04:54:19 | epoch: 0022/100, training time: 89.7s, inference time: 3.0s
train loss: 2.2467, val_loss: 2.0633
2025-08-30 04:55:51 | epoch: 0023/100, training time: 89.3s, inference time: 3.0s
train loss: 2.2137, val_loss: 2.0564
2025-08-30 04:57:24 | epoch: 0024/100, training time: 89.7s, inference time: 3.0s
train loss: 2.2383, val_loss: 2.0582
2025-08-30 04:58:57 | epoch: 0025/100, training time: 90.1s, inference time: 3.0s
train loss: 2.1901, val_loss: 2.0360
val loss decrease from 2.0546 to 2.0360, saving model to ./save_model/grid_24_33/Model_GF_test.pkl
2025-08-30 05:00:31 | epoch: 0026/100, training time: 90.7s, inference time: 3.0s
train loss: 2.1805, val_loss: 2.0762
2025-08-30 05:02:04 | epoch: 0027/100, training time: 90.0s, inference time: 3.0s
train loss: 2.2140, val_loss: 2.0829
2025-08-30 05:03:38 | epoch: 0028/100, training time: 90.9s, inference time: 3.0s
train loss: 2.2147, val_loss: 2.0614
2025-08-30 05:05:12 | epoch: 0029/100, training time: 91.3s, inference time: 3.0s
train loss: 2.1989, val_loss: 2.0951
2025-08-30 05:06:54 | epoch: 0030/100, training time: 98.7s, inference time: 3.0s
train loss: 2.2004, val_loss: 2.0613
2025-08-30 05:08:35 | epoch: 0031/100, training time: 97.9s, inference time: 3.0s
train loss: 2.2031, val_loss: 2.0442
2025-08-30 05:10:07 | epoch: 0032/100, training time: 89.8s, inference time: 3.0s
train loss: 2.2132, val_loss: 2.0428
2025-08-30 05:11:40 | epoch: 0033/100, training time: 89.3s, inference time: 3.0s
train loss: 2.1724, val_loss: 2.0991
2025-08-30 05:13:13 | epoch: 0034/100, training time: 90.0s, inference time: 3.0s
train loss: 2.1537, val_loss: 2.0413
2025-08-30 05:14:46 | epoch: 0035/100, training time: 90.0s, inference time: 3.0s
train loss: 2.1496, val_loss: 2.0599
early stop at epoch: 0035
Training completed. Best model saved to ./save_model/grid_24_33/Model_GF_test.pkl
**** testing model ****
loading model from ./save_model/grid_24_33/Model_GF_test.pkl
model loaded!
evaluating...
train MAE: 1.7819, RMSE: 2.7257, MAPE: 6.12%
performance in each prediction step (train)
step 1: MAE=1.5302, RMSE=2.2790, MAPE=5.24%
step 2: MAE=1.8017, RMSE=2.7437, MAPE=6.18%
step 3: MAE=1.8107, RMSE=2.7717, MAPE=6.22%
step 4: MAE=1.8037, RMSE=2.7676, MAPE=6.19%
step 5: MAE=1.8037, RMSE=2.7704, MAPE=6.20%
step 6: MAE=1.8099, RMSE=2.7813, MAPE=6.22%
step 7: MAE=1.8296, RMSE=2.8148, MAPE=6.29%
step 8: MAE=1.8660, RMSE=2.8769, MAPE=6.42%
average: MAE=1.7819, RMSE=2.7257, MAPE=6.12%
val MAE: 2.0586, RMSE: 3.1532, MAPE: 7.11%
performance in each prediction step (val)
step 1: MAE=1.6737, RMSE=2.4708, MAPE=5.76%
step 2: MAE=2.0458, RMSE=3.1028, MAPE=7.09%
step 3: MAE=2.1022, RMSE=3.2270, MAPE=7.29%
step 4: MAE=2.1171, RMSE=3.2613, MAPE=7.33%
step 5: MAE=2.1231, RMSE=3.2735, MAPE=7.33%
step 6: MAE=2.1294, RMSE=3.2861, MAPE=7.34%
step 7: MAE=2.1354, RMSE=3.2978, MAPE=7.35%
step 8: MAE=2.1422, RMSE=3.3063, MAPE=7.37%
average: MAE=2.0586, RMSE=3.1532, MAPE=7.11%
test MAE: 2.1113, RMSE: 3.2269, MAPE: 7.28%
performance in each prediction step (test)
step 1: MAE=1.7016, RMSE=2.4991, MAPE=5.85%
step 2: MAE=2.0821, RMSE=3.1563, MAPE=7.18%
step 3: MAE=2.1466, RMSE=3.2859, MAPE=7.42%
step 4: MAE=2.1699, RMSE=3.3313, MAPE=7.49%
step 5: MAE=2.1838, RMSE=3.3609, MAPE=7.54%
step 6: MAE=2.1925, RMSE=3.3811, MAPE=7.56%
step 7: MAE=2.2016, RMSE=3.3944, MAPE=7.59%
step 8: MAE=2.2119, RMSE=3.4065, MAPE=7.63%
average: MAE=2.1113, RMSE=3.2269, MAPE=7.28%
total testing time: 37.9s
total time: 55.9min
