time_slot=15, torch_seed=42, num_link=223, num_his=8, num_pred=8, L=2, K=8, d=8, train_ratio=0.7, val_ratio=0.1, test_ratio=0.2, batch_size=8, max_epoch=100, patience=10, learning_rate=0.005, decay_epoch=16, bn_decay=0.1, drop=0.01, traffic_file='./data/Traffic_speed_(24, 33).csv', query_file='./data/query_beijing_0201_grid_start_destination_count.npz', SE_file='./data/Gf_grid_24_33_id.txt', adj_file='./data/edge_list_grid_(24,33)_weight.txt', row='24', col='33', model_file='./save_model/grid_24_33/Model_GF_test.pkl', log_file='./log/grid_24_33/log_test', SE_FC_bn_decay=0.1, SE_FC_act1='relu', SE_FC_act2='none', SE_FC_drop=0.01, TE_FC_bn_decay=0.1, TE_FC_act1='relu', TE_FC_act2='none', TE_FC_drop=0.01, FFT_bn_decay=0.1, FFT_FC_act1='relu', FFT_FC_act2='none', FFT_FC_drop=0.01, SA_Q_bn_decay=0.1, SA_Q_act='relu', SA_Q_drop=0.01, SA_K_bn_decay=0.1, SA_K_act='relu', SA_K_drop=0.01, SA_V_bn_decay=0.1, SA_V_act='relu', SA_V_drop=0.01, SA_FC_bn_decay=0.1, SA_FC_act='relu', SA_FC_drop=0.01, GMF_bn_decay=0.1, AUX_aux_bn_decay=0.1, AUX_aux_act1='relu', AUX_aux_act2='none', AUX_aux_drop=0.01, AUX_main_bn_decay=0.1, AUX_main_act1='relu', AUX_main_act2='none', AUX_main_drop=0.01, AUX_sim_bn_decay=0.1, AUX_sim_act1='relu', AUX_sim_act2='sigmoid', AUX_sim_drop=0.01, AUX_attn_bn_decay=0.1, AUX_attn_act1='relu', AUX_attn_act2='none', AUX_attn_drop=0.01, AUX_fusion_bn_decay=0.1, AUX_fusion_act1='relu', AUX_fusion_act2='none', AUX_fusion_drop=0.01, AUX_bn_decay=0.1, TA_Q_bn_decay=0.1, TA_Q_act='relu', TA_Q_drop=0.01, TA_K_bn_decay=0.1, TA_K_act='relu', TA_K_drop=0.01, TA_V_bn_decay=0.1, TA_V_act='relu', TA_V_drop=0.01, TA_fusion_bn_decay=0.1, TA_fusion_act='relu', TA_fusion_drop=0.01, NAV_Q_bn_decay=0.1, NAV_Q_act='relu', NAV_Q_drop=0.01, NAV_K_bn_decay=0.1, NAV_K_act='relu', NAV_K_drop=0.01, NAV_V_bn_decay=0.1, NAV_V_act='relu', NAV_V_drop=0.01, NAV_MAP_bn_decay=0.1, NAV_MAP_act='relu', NAV_MAP_drop=0.01, NAV_FUSION_bn_decay=0.1, NAV_FUSION_act='relu', NAV_FUSION_drop=0.01, STB_spatial_fusion_bn_decay=0.1, STB_spatial_fusion_act='relu', STB_spatial_fusion_drop=0.01, STB_temporal_fusion_bn_decay=0.1, STB_temporal_fusion_act='relu', STB_temporal_fusion_drop=0.01, STB_final_fusion_bn_decay=0.1, STB_final_fusion_act='relu', STB_final_fusion_drop=0.01, STB_gate_bn_decay=0.1, STB_gate_act1='relu', STB_gate_act2='sigmoid', STB_gate_drop=0.01, TA_transform_Q_bn_decay=0.1, TA_transform_Q_act='relu', TA_transform_Q_drop=0.0, TA_transform_K_bn_decay=0.1, TA_transform_K_act='relu', TA_transform_K_drop=0.0, TA_transform_V_bn_decay=0.1, TA_transform_V_act='relu', TA_transform_V_drop=0.0, TA_transform_FC_bn_decay=0.1, TA_transform_FC_act='relu', TA_transform_FC_drop=0.0, Traffic_Linear_bn_decay=0.1, Traffic_Linear_FC_act1='relu', Traffic_Linear_FC_act2='none', Traffic_Linear_FC_drop=0.01, Query_Linear_bn_decay=0.1, Query_Linear_FC_act1='relu', Query_Linear_FC_act2='none', Query_Linear_FC_drop=0.01, Output_bn_decay=0.1, Output_FC_act1='relu', Output_FC_act2='none', Output_FC_drop=0.01
Using device: cuda:0
trainX: torch.Size([4084, 8, 223])		 trainY: torch.Size([4084, 8, 223])
valX:   torch.Size([571, 8, 223])		valY:   torch.Size([571, 8, 223])
testX:   torch.Size([1156, 8, 223])		testY:   torch.Size([1156, 8, 223])
mean:   31.8979		std:   10.7164
data loaded!
compiling model...
fourier_filter: 9 parameters
  ├─ distribution_correction: 8 parameters
traffic_linear: 4,544 parameters
  ├─ convs: 4,544 parameters
query_linear: 4,608 parameters
  ├─ convs: 4,608 parameters
nav_attention: 25,536 parameters
  ├─ W_q: 4,288 parameters
  ├─ W_k: 4,288 parameters
  ├─ W_v: 4,288 parameters
  ├─ mapping: 4,288 parameters
  ├─ fusion: 8,384 parameters
st_embedding: 21,824 parameters
  ├─ FC_se: 8,576 parameters
  ├─ FC_te: 13,248 parameters
encoder_blocks: 302,148 parameters
  ├─ 0: 151,074 parameters
  ├─ 1: 151,074 parameters
transform_attn: 17,152 parameters
  ├─ FC_q: 4,288 parameters
  ├─ FC_k: 4,288 parameters
  ├─ FC_v: 4,288 parameters
  ├─ FC: 4,288 parameters
decoder_blocks: 302,148 parameters
  ├─ 0: 151,074 parameters
  ├─ 1: 151,074 parameters
output_layer: 4,355 parameters
  ├─ convs: 4,355 parameters
trainable parameters: 682,324
**** training model ****
2025-08-30 05:17:39 | epoch: 0001/100, training time: 91.2s, inference time: 3.1s
train loss: 2.8846, val_loss: 2.2623
val loss decrease from inf to 2.2623, saving model to ./save_model/grid_24_33/Model_GF_test.pkl
2025-08-30 05:19:14 | epoch: 0002/100, training time: 91.2s, inference time: 3.1s
train loss: 2.5246, val_loss: 2.1769
val loss decrease from 2.2623 to 2.1769, saving model to ./save_model/grid_24_33/Model_GF_test.pkl
2025-08-30 05:20:45 | epoch: 0003/100, training time: 88.7s, inference time: 3.0s
train loss: 2.4451, val_loss: 2.1319
val loss decrease from 2.1769 to 2.1319, saving model to ./save_model/grid_24_33/Model_GF_test.pkl
2025-08-30 05:22:17 | epoch: 0004/100, training time: 88.3s, inference time: 3.0s
train loss: 2.3932, val_loss: 2.1733
2025-08-30 05:23:47 | epoch: 0005/100, training time: 87.1s, inference time: 3.0s
train loss: 2.3882, val_loss: 2.1239
val loss decrease from 2.1319 to 2.1239, saving model to ./save_model/grid_24_33/Model_GF_test.pkl
2025-08-30 05:25:16 | epoch: 0006/100, training time: 86.0s, inference time: 3.0s
train loss: 2.3653, val_loss: 2.1149
val loss decrease from 2.1239 to 2.1149, saving model to ./save_model/grid_24_33/Model_GF_test.pkl
2025-08-30 05:26:47 | epoch: 0007/100, training time: 87.9s, inference time: 3.0s
train loss: 2.3552, val_loss: 2.1219
2025-08-30 05:28:17 | epoch: 0008/100, training time: 87.4s, inference time: 3.0s
train loss: 2.3468, val_loss: 2.1355
2025-08-30 05:29:48 | epoch: 0009/100, training time: 87.9s, inference time: 3.0s
train loss: 2.3367, val_loss: 2.2177
2025-08-30 05:31:20 | epoch: 0010/100, training time: 89.3s, inference time: 3.0s
train loss: 2.3326, val_loss: 2.0896
val loss decrease from 2.1149 to 2.0896, saving model to ./save_model/grid_24_33/Model_GF_test.pkl
2025-08-30 05:32:54 | epoch: 0011/100, training time: 90.9s, inference time: 3.0s
train loss: 2.3149, val_loss: 2.1604
2025-08-30 05:34:29 | epoch: 0012/100, training time: 91.4s, inference time: 3.0s
train loss: 2.3038, val_loss: 2.0594
val loss decrease from 2.0896 to 2.0594, saving model to ./save_model/grid_24_33/Model_GF_test.pkl
2025-08-30 05:36:03 | epoch: 0013/100, training time: 90.7s, inference time: 3.0s
train loss: 2.2894, val_loss: 2.0652
2025-08-30 05:37:36 | epoch: 0014/100, training time: 90.5s, inference time: 3.0s
train loss: 2.2749, val_loss: 2.0733
2025-08-30 05:39:10 | epoch: 0015/100, training time: 90.6s, inference time: 3.0s
train loss: 2.2723, val_loss: 2.0469
val loss decrease from 2.0594 to 2.0469, saving model to ./save_model/grid_24_33/Model_GF_test.pkl
2025-08-30 05:40:43 | epoch: 0016/100, training time: 90.7s, inference time: 3.0s
train loss: 2.2802, val_loss: 2.0757
2025-08-30 05:42:18 | epoch: 0017/100, training time: 91.3s, inference time: 3.0s
train loss: 2.2710, val_loss: 2.0637
2025-08-30 05:43:52 | epoch: 0018/100, training time: 91.4s, inference time: 3.0s
train loss: 2.2585, val_loss: 2.0326
val loss decrease from 2.0469 to 2.0326, saving model to ./save_model/grid_24_33/Model_GF_test.pkl
2025-08-30 05:45:26 | epoch: 0019/100, training time: 91.0s, inference time: 3.0s
train loss: 2.2143, val_loss: 2.0310
val loss decrease from 2.0326 to 2.0310, saving model to ./save_model/grid_24_33/Model_GF_test.pkl
2025-08-30 05:47:00 | epoch: 0020/100, training time: 90.5s, inference time: 3.0s
train loss: 2.2630, val_loss: 2.0402
2025-08-30 05:48:33 | epoch: 0021/100, training time: 90.6s, inference time: 3.0s
train loss: 2.2357, val_loss: 2.1023
2025-08-30 05:50:09 | epoch: 0022/100, training time: 92.7s, inference time: 3.1s
train loss: 2.2532, val_loss: 2.0820
2025-08-30 05:51:45 | epoch: 0023/100, training time: 92.7s, inference time: 3.1s
train loss: 2.2197, val_loss: 2.0677
2025-08-30 05:53:20 | epoch: 0024/100, training time: 92.0s, inference time: 3.1s
train loss: 2.2433, val_loss: 2.0659
2025-08-30 05:54:57 | epoch: 0025/100, training time: 93.0s, inference time: 3.8s
train loss: 2.1980, val_loss: 2.0198
val loss decrease from 2.0310 to 2.0198, saving model to ./save_model/grid_24_33/Model_GF_test.pkl
2025-08-30 05:56:41 | epoch: 0026/100, training time: 100.4s, inference time: 3.9s
train loss: 2.1859, val_loss: 2.0503
2025-08-30 05:58:26 | epoch: 0027/100, training time: 100.6s, inference time: 3.8s
train loss: 2.2184, val_loss: 2.0578
2025-08-30 06:00:10 | epoch: 0028/100, training time: 101.0s, inference time: 3.7s
train loss: 2.2216, val_loss: 2.0730
2025-08-30 06:01:54 | epoch: 0029/100, training time: 100.2s, inference time: 3.7s
train loss: 2.2052, val_loss: 2.0685
2025-08-30 06:03:38 | epoch: 0030/100, training time: 99.7s, inference time: 3.7s
train loss: 2.2036, val_loss: 2.0667
2025-08-30 06:05:21 | epoch: 0031/100, training time: 99.5s, inference time: 3.7s
train loss: 2.2074, val_loss: 2.0522
2025-08-30 06:07:06 | epoch: 0032/100, training time: 101.4s, inference time: 3.9s
train loss: 2.2217, val_loss: 2.0697
2025-08-30 06:08:51 | epoch: 0033/100, training time: 100.6s, inference time: 3.9s
train loss: 2.1796, val_loss: 2.0825
2025-08-30 06:10:35 | epoch: 0034/100, training time: 100.6s, inference time: 3.8s
train loss: 2.1618, val_loss: 2.0435
2025-08-30 06:12:20 | epoch: 0035/100, training time: 100.7s, inference time: 3.7s
train loss: 2.1573, val_loss: 2.0712
early stop at epoch: 0035
Training completed. Best model saved to ./save_model/grid_24_33/Model_GF_test.pkl
**** testing model ****
loading model from ./save_model/grid_24_33/Model_GF_test.pkl
model loaded!
evaluating...
train MAE: 1.8155, RMSE: 2.7558, MAPE: 6.24%
performance in each prediction step (train)
step 1: MAE=1.5435, RMSE=2.2980, MAPE=5.31%
step 2: MAE=1.8373, RMSE=2.7873, MAPE=6.32%
step 3: MAE=1.8512, RMSE=2.8161, MAPE=6.36%
step 4: MAE=1.8408, RMSE=2.7995, MAPE=6.33%
step 5: MAE=1.8402, RMSE=2.7981, MAPE=6.33%
step 6: MAE=1.8467, RMSE=2.8102, MAPE=6.35%
step 7: MAE=1.8648, RMSE=2.8408, MAPE=6.41%
step 8: MAE=1.8999, RMSE=2.8964, MAPE=6.54%
average: MAE=1.8155, RMSE=2.7558, MAPE=6.24%
val MAE: 2.0710, RMSE: 3.1495, MAPE: 7.16%
performance in each prediction step (val)
step 1: MAE=1.6751, RMSE=2.4741, MAPE=5.79%
step 2: MAE=2.0466, RMSE=3.0747, MAPE=7.09%
step 3: MAE=2.1101, RMSE=3.1978, MAPE=7.31%
step 4: MAE=2.1282, RMSE=3.2424, MAPE=7.36%
step 5: MAE=2.1385, RMSE=3.2747, MAPE=7.39%
step 6: MAE=2.1473, RMSE=3.2993, MAPE=7.41%
step 7: MAE=2.1574, RMSE=3.3130, MAPE=7.44%
step 8: MAE=2.1649, RMSE=3.3201, MAPE=7.46%
average: MAE=2.0710, RMSE=3.1495, MAPE=7.16%
test MAE: 2.1187, RMSE: 3.2192, MAPE: 7.31%
performance in each prediction step (test)
step 1: MAE=1.7170, RMSE=2.5182, MAPE=5.94%
step 2: MAE=2.0959, RMSE=3.1625, MAPE=7.25%
step 3: MAE=2.1612, RMSE=3.2962, MAPE=7.47%
step 4: MAE=2.1777, RMSE=3.3304, MAPE=7.51%
step 5: MAE=2.1889, RMSE=3.3497, MAPE=7.54%
step 6: MAE=2.1968, RMSE=3.3614, MAPE=7.56%
step 7: MAE=2.2026, RMSE=3.3652, MAPE=7.58%
step 8: MAE=2.2092, RMSE=3.3698, MAPE=7.60%
average: MAE=2.1187, RMSE=3.2192, MAPE=7.31%
total testing time: 32.9s
total time: 57.2min
