time_slot=15, torch_seed=42, num_link=223, num_his=8, num_pred=8, L=2, K=8, d=8, train_ratio=0.7, val_ratio=0.1, test_ratio=0.2, batch_size=8, max_epoch=6, patience=10, learning_rate=0.009, decay_epoch=16, bn_decay=0.1, drop=0.01, traffic_file='./data/Traffic_speed_(24, 33).csv', query_file='./data/query_beijing_0201_grid_start_destination_count.npz', SE_file='./data/Gf_grid_24_33_id.txt', adj_file='./data/edge_list_grid_(24,33)_weight.txt', row='24', col='33', model_file='./save_model/grid_24_33/Model_GF_test.pkl', log_file='./log/grid_24_33/log_test', SE_FC_bn_decay=0.1, SE_FC_act1='relu', SE_FC_act2='none', SE_FC_drop=0.01, TE_FC_bn_decay=0.1, TE_FC_act1='relu', TE_FC_act2='none', TE_FC_drop=0.01, FFT_bn_decay=0.1, FFT_FC_act1='relu', FFT_FC_act2='none', FFT_FC_drop=0.01, SA_Q_bn_decay=0.1, SA_Q_act='relu', SA_Q_drop=0.01, SA_K_bn_decay=0.1, SA_K_act='relu', SA_K_drop=0.01, SA_V_bn_decay=0.1, SA_V_act='relu', SA_V_drop=0.01, SA_FC_bn_decay=0.1, SA_FC_act='relu', SA_FC_drop=0.01, GMF_bn_decay=0.1, AUX_aux_bn_decay=0.1, AUX_aux_act1='relu', AUX_aux_act2='none', AUX_aux_drop=0.01, AUX_main_bn_decay=0.1, AUX_main_act1='relu', AUX_main_act2='none', AUX_main_drop=0.01, AUX_sim_bn_decay=0.1, AUX_sim_act1='relu', AUX_sim_act2='sigmoid', AUX_sim_drop=0.01, AUX_attn_bn_decay=0.1, AUX_attn_act1='relu', AUX_attn_act2='none', AUX_attn_drop=0.01, AUX_fusion_bn_decay=0.1, AUX_fusion_act1='relu', AUX_fusion_act2='none', AUX_fusion_drop=0.01, AUX_bn_decay=0.1, TA_Q_bn_decay=0.1, TA_Q_act='relu', TA_Q_drop=0.01, TA_K_bn_decay=0.1, TA_K_act='relu', TA_K_drop=0.01, TA_V_bn_decay=0.1, TA_V_act='relu', TA_V_drop=0.01, TA_fusion_bn_decay=0.1, TA_fusion_act='relu', TA_fusion_drop=0.01, NAV_Q_bn_decay=0.1, NAV_Q_act='relu', NAV_Q_drop=0.01, NAV_K_bn_decay=0.1, NAV_K_act='relu', NAV_K_drop=0.01, NAV_V_bn_decay=0.1, NAV_V_act='relu', NAV_V_drop=0.01, NAV_MAP_bn_decay=0.1, NAV_MAP_act='relu', NAV_MAP_drop=0.01, NAV_FUSION_bn_decay=0.1, NAV_FUSION_act='relu', NAV_FUSION_drop=0.01, STB_spatial_fusion_bn_decay=0.1, STB_spatial_fusion_act='relu', STB_spatial_fusion_drop=0.01, STB_temporal_fusion_bn_decay=0.1, STB_temporal_fusion_act='relu', STB_temporal_fusion_drop=0.01, STB_final_fusion_bn_decay=0.1, STB_final_fusion_act='relu', STB_final_fusion_drop=0.01, STB_gate_bn_decay=0.1, STB_gate_act1='relu', STB_gate_act2='sigmoid', STB_gate_drop=0.01, TA_transform_Q_bn_decay=0.1, TA_transform_Q_act='relu', TA_transform_Q_drop=0.0, TA_transform_K_bn_decay=0.1, TA_transform_K_act='relu', TA_transform_K_drop=0.0, TA_transform_V_bn_decay=0.1, TA_transform_V_act='relu', TA_transform_V_drop=0.0, TA_transform_FC_bn_decay=0.1, TA_transform_FC_act='relu', TA_transform_FC_drop=0.0, Traffic_Linear_bn_decay=0.1, Traffic_Linear_FC_act1='relu', Traffic_Linear_FC_act2='none', Traffic_Linear_FC_drop=0.01, Query_Linear_bn_decay=0.1, Query_Linear_FC_act1='relu', Query_Linear_FC_act2='none', Query_Linear_FC_drop=0.01, Output_bn_decay=0.1, Output_FC_act1='relu', Output_FC_act2='none', Output_FC_drop=0.01
Using device: cuda:0
trainX: torch.Size([4084, 8, 223])		 trainY: torch.Size([4084, 8, 223])
valX:   torch.Size([571, 8, 223])		valY:   torch.Size([571, 8, 223])
testX:   torch.Size([1156, 8, 223])		testY:   torch.Size([1156, 8, 223])
mean:   31.8979		std:   10.7164
data loaded!
compiling model...
fourier_filter: 9 parameters
  ├─ distribution_correction: 8 parameters
traffic_linear: 4,544 parameters
  ├─ convs: 4,544 parameters
query_linear: 4,608 parameters
  ├─ convs: 4,608 parameters
nav_attention: 25,536 parameters
  ├─ W_q: 4,288 parameters
  ├─ W_k: 4,288 parameters
  ├─ W_v: 4,288 parameters
  ├─ mapping: 4,288 parameters
  ├─ fusion: 8,384 parameters
st_embedding: 21,824 parameters
  ├─ FC_se: 8,576 parameters
  ├─ FC_te: 13,248 parameters
encoder_blocks: 302,148 parameters
  ├─ 0: 151,074 parameters
  ├─ 1: 151,074 parameters
transform_attn: 17,152 parameters
  ├─ FC_q: 4,288 parameters
  ├─ FC_k: 4,288 parameters
  ├─ FC_v: 4,288 parameters
  ├─ FC: 4,288 parameters
decoder_blocks: 302,148 parameters
  ├─ 0: 151,074 parameters
  ├─ 1: 151,074 parameters
output_layer: 4,355 parameters
  ├─ convs: 4,355 parameters
trainable parameters: 682,324
**** training model ****
2025-10-16 15:08:18 | epoch: 0001/6, training time: 90.1s, inference time: 3.2s
train loss: 2.8573, val_loss: 2.2802
val loss decrease from inf to 2.2802, saving model to ./save_model/grid_24_33/Model_GF_test.pkl
2025-10-16 15:09:52 | epoch: 0002/6, training time: 90.6s, inference time: 3.3s
train loss: 2.5351, val_loss: 2.1754
val loss decrease from 2.2802 to 2.1754, saving model to ./save_model/grid_24_33/Model_GF_test.pkl
2025-10-16 15:11:26 | epoch: 0003/6, training time: 90.6s, inference time: 3.3s
train loss: 2.4566, val_loss: 2.1989
2025-10-16 15:13:00 | epoch: 0004/6, training time: 90.8s, inference time: 3.3s
train loss: 2.4057, val_loss: 2.1540
val loss decrease from 2.1754 to 2.1540, saving model to ./save_model/grid_24_33/Model_GF_test.pkl
2025-10-16 15:14:33 | epoch: 0005/6, training time: 90.1s, inference time: 3.3s
train loss: 2.4020, val_loss: 2.1065
val loss decrease from 2.1540 to 2.1065, saving model to ./save_model/grid_24_33/Model_GF_test.pkl
2025-10-16 15:16:06 | epoch: 0006/6, training time: 90.1s, inference time: 3.3s
train loss: 2.3785, val_loss: 2.0928
val loss decrease from 2.1065 to 2.0928, saving model to ./save_model/grid_24_33/Model_GF_test.pkl
Training completed. Best model saved to ./save_model/grid_24_33/Model_GF_test.pkl
**** testing model ****
loading model from ./save_model/grid_24_33/Model_GF_test.pkl
model loaded!
evaluating...
train MAE: 2.0244, RMSE: 3.1158, MAPE: 7.00%
performance in each prediction step (train)
step 1: MAE=1.6935, RMSE=2.5517, MAPE=5.84%
step 2: MAE=2.0041, RMSE=3.0760, MAPE=6.91%
step 3: MAE=2.0505, RMSE=3.1616, MAPE=7.08%
step 4: MAE=2.0632, RMSE=3.1844, MAPE=7.12%
step 5: MAE=2.0743, RMSE=3.2048, MAPE=7.17%
step 6: MAE=2.0864, RMSE=3.2245, MAPE=7.22%
step 7: MAE=2.1010, RMSE=3.2465, MAPE=7.29%
step 8: MAE=2.1220, RMSE=3.2766, MAPE=7.38%
average: MAE=2.0244, RMSE=3.1158, MAPE=7.00%
val MAE: 2.0940, RMSE: 3.1933, MAPE: 7.10%
performance in each prediction step (val)
step 1: MAE=1.7457, RMSE=2.6232, MAPE=5.93%
step 2: MAE=2.0741, RMSE=3.1607, MAPE=7.04%
step 3: MAE=2.1279, RMSE=3.2453, MAPE=7.22%
step 4: MAE=2.1411, RMSE=3.2657, MAPE=7.26%
step 5: MAE=2.1507, RMSE=3.2845, MAPE=7.28%
step 6: MAE=2.1620, RMSE=3.3063, MAPE=7.32%
step 7: MAE=2.1709, RMSE=3.3231, MAPE=7.35%
step 8: MAE=2.1797, RMSE=3.3376, MAPE=7.39%
average: MAE=2.0940, RMSE=3.1933, MAPE=7.10%
test MAE: 2.1670, RMSE: 3.3122, MAPE: 7.30%
performance in each prediction step (test)
step 1: MAE=1.7773, RMSE=2.6729, MAPE=6.02%
step 2: MAE=2.1234, RMSE=3.2399, MAPE=7.16%
step 3: MAE=2.1878, RMSE=3.3457, MAPE=7.36%
step 4: MAE=2.2163, RMSE=3.3921, MAPE=7.45%
step 5: MAE=2.2362, RMSE=3.4261, MAPE=7.51%
step 6: MAE=2.2524, RMSE=3.4541, MAPE=7.58%
step 7: MAE=2.2652, RMSE=3.4746, MAPE=7.63%
step 8: MAE=2.2777, RMSE=3.4925, MAPE=7.70%
average: MAE=2.1670, RMSE=3.3122, MAPE=7.30%
total testing time: 33.7s
total time: 10.4min
