time_slot=15, torch_seed=42, num_link=223, num_his=8, num_pred=8, L=2, K=8, d=8, train_ratio=0.7, val_ratio=0.1, test_ratio=0.2, batch_size=8, max_epoch=11, patience=10, learning_rate=0.009, decay_epoch=16, bn_decay=0.1, drop=0.01, traffic_file='./data/Traffic_speed_(24, 33).csv', query_file='./data/query_beijing_0201_grid_start_destination_count.npz', SE_file='./data/DeepWalk_grid_24_33_id.txt', adj_file='./data/edge_list_grid_(24,33)_weight.txt', row='24', col='33', model_file='./save_model/grid_24_33/Model_GF_test.pkl', log_file='./log/grid_24_33/log_test', SE_FC_bn_decay=0.1, SE_FC_act1='relu', SE_FC_act2='none', SE_FC_drop=0.01, TE_FC_bn_decay=0.1, TE_FC_act1='relu', TE_FC_act2='none', TE_FC_drop=0.01, FFT_bn_decay=0.1, FFT_FC_act1='relu', FFT_FC_act2='none', FFT_FC_drop=0.01, SA_Q_bn_decay=0.1, SA_Q_act='relu', SA_Q_drop=0.01, SA_K_bn_decay=0.1, SA_K_act='relu', SA_K_drop=0.01, SA_V_bn_decay=0.1, SA_V_act='relu', SA_V_drop=0.01, SA_FC_bn_decay=0.1, SA_FC_act='relu', SA_FC_drop=0.01, GMF_bn_decay=0.1, AUX_aux_bn_decay=0.1, AUX_aux_act1='relu', AUX_aux_act2='none', AUX_aux_drop=0.01, AUX_main_bn_decay=0.1, AUX_main_act1='relu', AUX_main_act2='none', AUX_main_drop=0.01, AUX_sim_bn_decay=0.1, AUX_sim_act1='relu', AUX_sim_act2='sigmoid', AUX_sim_drop=0.01, AUX_attn_bn_decay=0.1, AUX_attn_act1='relu', AUX_attn_act2='none', AUX_attn_drop=0.01, AUX_fusion_bn_decay=0.1, AUX_fusion_act1='relu', AUX_fusion_act2='none', AUX_fusion_drop=0.01, AUX_bn_decay=0.1, TA_Q_bn_decay=0.1, TA_Q_act='relu', TA_Q_drop=0.01, TA_K_bn_decay=0.1, TA_K_act='relu', TA_K_drop=0.01, TA_V_bn_decay=0.1, TA_V_act='relu', TA_V_drop=0.01, TA_fusion_bn_decay=0.1, TA_fusion_act='relu', TA_fusion_drop=0.01, NAV_Q_bn_decay=0.1, NAV_Q_act='relu', NAV_Q_drop=0.01, NAV_K_bn_decay=0.1, NAV_K_act='relu', NAV_K_drop=0.01, NAV_V_bn_decay=0.1, NAV_V_act='relu', NAV_V_drop=0.01, NAV_MAP_bn_decay=0.1, NAV_MAP_act='relu', NAV_MAP_drop=0.01, NAV_FUSION_bn_decay=0.1, NAV_FUSION_act='relu', NAV_FUSION_drop=0.01, STB_spatial_fusion_bn_decay=0.1, STB_spatial_fusion_act='relu', STB_spatial_fusion_drop=0.01, STB_temporal_fusion_bn_decay=0.1, STB_temporal_fusion_act='relu', STB_temporal_fusion_drop=0.01, STB_final_fusion_bn_decay=0.1, STB_final_fusion_act='relu', STB_final_fusion_drop=0.01, STB_gate_bn_decay=0.1, STB_gate_act1='relu', STB_gate_act2='sigmoid', STB_gate_drop=0.01, TA_transform_Q_bn_decay=0.1, TA_transform_Q_act='relu', TA_transform_Q_drop=0.0, TA_transform_K_bn_decay=0.1, TA_transform_K_act='relu', TA_transform_K_drop=0.0, TA_transform_V_bn_decay=0.1, TA_transform_V_act='relu', TA_transform_V_drop=0.0, TA_transform_FC_bn_decay=0.1, TA_transform_FC_act='relu', TA_transform_FC_drop=0.0, Traffic_Linear_bn_decay=0.1, Traffic_Linear_FC_act1='relu', Traffic_Linear_FC_act2='none', Traffic_Linear_FC_drop=0.01, Query_Linear_bn_decay=0.1, Query_Linear_FC_act1='relu', Query_Linear_FC_act2='none', Query_Linear_FC_drop=0.01, Output_bn_decay=0.1, Output_FC_act1='relu', Output_FC_act2='none', Output_FC_drop=0.01
Using device: cuda:0
trainX: torch.Size([4084, 8, 223])		 trainY: torch.Size([4084, 8, 223])
valX:   torch.Size([571, 8, 223])		valY:   torch.Size([571, 8, 223])
testX:   torch.Size([1156, 8, 223])		testY:   torch.Size([1156, 8, 223])
mean:   31.8979		std:   10.7164
data loaded!
compiling model...
fourier_filter: 9 parameters
  ├─ distribution_correction: 8 parameters
traffic_linear: 4,544 parameters
  ├─ convs: 4,544 parameters
query_linear: 4,608 parameters
  ├─ convs: 4,608 parameters
nav_attention: 25,536 parameters
  ├─ W_q: 4,288 parameters
  ├─ W_k: 4,288 parameters
  ├─ W_v: 4,288 parameters
  ├─ mapping: 4,288 parameters
  ├─ fusion: 8,384 parameters
st_embedding: 21,824 parameters
  ├─ FC_se: 8,576 parameters
  ├─ FC_te: 13,248 parameters
encoder_blocks: 293,956 parameters
  ├─ 0: 146,978 parameters
  ├─ 1: 146,978 parameters
transform_attn: 17,152 parameters
  ├─ FC_q: 4,288 parameters
  ├─ FC_k: 4,288 parameters
  ├─ FC_v: 4,288 parameters
  ├─ FC: 4,288 parameters
decoder_blocks: 293,956 parameters
  ├─ 0: 146,978 parameters
  ├─ 1: 146,978 parameters
output_layer: 4,355 parameters
  ├─ convs: 4,355 parameters
trainable parameters: 665,940
**** training model ****
2025-10-14 09:16:33 | epoch: 0001/11, training time: 71.1s, inference time: 2.4s
train loss: 2.9189, val_loss: 2.5439
val loss decrease from inf to 2.5439, saving model to ./save_model/grid_24_33/Model_GF_test.pkl
2025-10-14 09:17:43 | epoch: 0002/11, training time: 66.8s, inference time: 2.5s
train loss: 2.6042, val_loss: 2.3435
val loss decrease from 2.5439 to 2.3435, saving model to ./save_model/grid_24_33/Model_GF_test.pkl
2025-10-14 09:18:55 | epoch: 0003/11, training time: 69.6s, inference time: 2.3s
train loss: 2.5445, val_loss: 2.2484
val loss decrease from 2.3435 to 2.2484, saving model to ./save_model/grid_24_33/Model_GF_test.pkl
2025-10-14 09:20:07 | epoch: 0004/11, training time: 69.7s, inference time: 2.3s
train loss: 2.4758, val_loss: 2.2142
val loss decrease from 2.2484 to 2.2142, saving model to ./save_model/grid_24_33/Model_GF_test.pkl
2025-10-14 09:21:17 | epoch: 0005/11, training time: 67.9s, inference time: 2.4s
train loss: 2.4655, val_loss: 2.1880
val loss decrease from 2.2142 to 2.1880, saving model to ./save_model/grid_24_33/Model_GF_test.pkl
2025-10-14 09:22:27 | epoch: 0006/11, training time: 67.7s, inference time: 2.6s
train loss: 2.4738, val_loss: 2.1721
val loss decrease from 2.1880 to 2.1721, saving model to ./save_model/grid_24_33/Model_GF_test.pkl
2025-10-14 09:23:42 | epoch: 0007/11, training time: 72.5s, inference time: 2.5s
train loss: 2.4617, val_loss: 2.2229
2025-10-14 09:24:55 | epoch: 0008/11, training time: 70.5s, inference time: 2.6s
train loss: 2.4222, val_loss: 2.2387
2025-10-14 09:26:08 | epoch: 0009/11, training time: 70.2s, inference time: 2.5s
train loss: 2.3947, val_loss: 2.1131
val loss decrease from 2.1721 to 2.1131, saving model to ./save_model/grid_24_33/Model_GF_test.pkl
2025-10-14 09:27:21 | epoch: 0010/11, training time: 70.8s, inference time: 2.5s
train loss: 2.3965, val_loss: 2.1022
val loss decrease from 2.1131 to 2.1022, saving model to ./save_model/grid_24_33/Model_GF_test.pkl
2025-10-14 09:28:35 | epoch: 0011/11, training time: 71.1s, inference time: 2.5s
train loss: 2.3780, val_loss: 2.1330
Training completed. Best model saved to ./save_model/grid_24_33/Model_GF_test.pkl
**** testing model ****
loading model from ./save_model/grid_24_33/Model_GF_test.pkl
model loaded!
evaluating...
train MAE: 2.0572, RMSE: 3.1299, MAPE: 7.16%
performance in each prediction step (train)
step 1: MAE=1.6905, RMSE=2.5065, MAPE=5.88%
step 2: MAE=2.0378, RMSE=3.0716, MAPE=7.08%
step 3: MAE=2.0848, RMSE=3.1737, MAPE=7.25%
step 4: MAE=2.0955, RMSE=3.1997, MAPE=7.29%
step 5: MAE=2.1066, RMSE=3.2245, MAPE=7.33%
step 6: MAE=2.1219, RMSE=3.2514, MAPE=7.38%
step 7: MAE=2.1427, RMSE=3.2824, MAPE=7.46%
step 8: MAE=2.1779, RMSE=3.3293, MAPE=7.58%
average: MAE=2.0572, RMSE=3.1299, MAPE=7.16%
val MAE: 2.1325, RMSE: 3.2119, MAPE: 7.30%
performance in each prediction step (val)
step 1: MAE=1.7540, RMSE=2.6273, MAPE=6.02%
step 2: MAE=2.1170, RMSE=3.1829, MAPE=7.26%
step 3: MAE=2.1712, RMSE=3.2739, MAPE=7.44%
step 4: MAE=2.1770, RMSE=3.2878, MAPE=7.45%
step 5: MAE=2.1819, RMSE=3.2968, MAPE=7.46%
step 6: MAE=2.1969, RMSE=3.3136, MAPE=7.51%
step 7: MAE=2.2168, RMSE=3.3384, MAPE=7.57%
step 8: MAE=2.2456, RMSE=3.3748, MAPE=7.66%
average: MAE=2.1325, RMSE=3.2119, MAPE=7.30%
test MAE: 2.2386, RMSE: 3.4037, MAPE: 7.60%
performance in each prediction step (test)
step 1: MAE=1.8145, RMSE=2.7227, MAPE=6.19%
step 2: MAE=2.2053, RMSE=3.3444, MAPE=7.50%
step 3: MAE=2.2826, RMSE=3.4814, MAPE=7.74%
step 4: MAE=2.2967, RMSE=3.4998, MAPE=7.79%
step 5: MAE=2.3044, RMSE=3.5069, MAPE=7.81%
step 6: MAE=2.3155, RMSE=3.5290, MAPE=7.85%
step 7: MAE=2.3320, RMSE=3.5558, MAPE=7.91%
step 8: MAE=2.3581, RMSE=3.5894, MAPE=8.00%
average: MAE=2.2386, RMSE=3.4037, MAPE=7.60%
total testing time: 26.3s
total time: 14.2min
